0 verbose cli /usr/local/bin/node /usr/local/bin/npm
1 info using npm@10.9.2
2 info using node@v22.14.0
3 silly config load:file:/usr/local/lib/node_modules/npm/npmrc
4 silly config load:file:/Users/itst/Downloads/Lab04 3/.npmrc
5 silly config load:file:/Users/itst/.npmrc
6 silly config load:file:/usr/local/etc/npmrc
7 verbose title npm install koa-static
8 verbose argv "install" "koa-static" "--cache" "/Users/itst/Downloads/Lab04 3/.npm-cache"
9 verbose logfile logs-max:10 dir:/Users/itst/Downloads/Lab04 3/.npm-cache/_logs/2026-04-16T06_53_20_774Z-
10 verbose logfile /Users/itst/Downloads/Lab04 3/.npm-cache/_logs/2026-04-16T06_53_20_774Z-debug-0.log
11 silly logfile done cleaning log files
12 silly packumentCache heap:4345298944 maxSize:1086324736 maxEntrySize:543162368
13 silly idealTree buildDeps
14 silly fetch manifest koa-static@*
15 silly packumentCache full:https://registry.npmjs.org/koa-static cache-miss
16 http fetch GET 200 https://registry.npmjs.org/koa-static 64ms (cache miss)
17 silly packumentCache full:https://registry.npmjs.org/koa-static set size:undefined disposed:false
18 silly placeDep ROOT koa-static@5.0.0 OK for: lab04@1.0.0 want: *
19 silly fetch manifest debug@^3.1.0
20 silly packumentCache full:https://registry.npmjs.org/debug cache-miss
21 silly fetch manifest koa-send@^5.0.0
22 silly packumentCache full:https://registry.npmjs.org/koa-send cache-miss
23 http fetch GET 200 https://registry.npmjs.org/npm 132ms
24 http fetch GET 200 https://registry.npmjs.org/debug 29ms (cache miss)
25 silly packumentCache full:https://registry.npmjs.org/debug set size:undefined disposed:false
26 http fetch GET 200 https://registry.npmjs.org/koa-send 205ms (cache miss)
27 silly packumentCache full:https://registry.npmjs.org/koa-send set size:undefined disposed:false
28 silly placeDep node_modules/koa-static debug@3.2.7 OK for: koa-static@5.0.0 want: ^3.1.0
29 silly placeDep ROOT koa-send@5.0.1 OK for: koa-static@5.0.0 want: ^5.0.0
30 silly fetch manifest http-errors@^1.7.3
31 silly packumentCache full:https://registry.npmjs.org/http-errors cache-miss
32 silly fetch manifest resolve-path@^1.4.0
33 silly packumentCache full:https://registry.npmjs.org/resolve-path cache-miss
34 http fetch GET 200 https://registry.npmjs.org/resolve-path 28ms (cache miss)
35 silly packumentCache full:https://registry.npmjs.org/resolve-path set size:undefined disposed:false
36 http fetch GET 200 https://registry.npmjs.org/http-errors 34ms (cache miss)
37 silly packumentCache full:https://registry.npmjs.org/http-errors set size:undefined disposed:false
38 silly placeDep node_modules/koa-send http-errors@1.8.1 OK for: koa-send@5.0.1 want: ^1.7.3
39 silly placeDep ROOT resolve-path@1.4.0 OK for: koa-send@5.0.1 want: ^1.4.0
40 silly fetch manifest depd@~1.1.2
41 silly packumentCache full:https://registry.npmjs.org/depd cache-miss
42 silly fetch manifest statuses@>= 1.5.0 < 2
43 silly packumentCache full:https://registry.npmjs.org/statuses cache-miss
44 silly fetch manifest http-errors@~1.6.2
45 silly packumentCache full:https://registry.npmjs.org/http-errors cache-miss
46 silly fetch manifest path-is-absolute@1.0.1
47 silly packumentCache full:https://registry.npmjs.org/path-is-absolute cache-miss
48 http cache https://registry.npmjs.org/http-errors 7ms (cache hit)
49 silly packumentCache full:https://registry.npmjs.org/http-errors set size:71987 disposed:false
50 http fetch GET 200 https://registry.npmjs.org/statuses 26ms (cache miss)
51 silly packumentCache full:https://registry.npmjs.org/statuses set size:undefined disposed:false
52 http fetch GET 200 https://registry.npmjs.org/depd 31ms (cache miss)
53 silly packumentCache full:https://registry.npmjs.org/depd set size:undefined disposed:false
54 http fetch GET 200 https://registry.npmjs.org/path-is-absolute 43ms (cache miss)
55 silly packumentCache full:https://registry.npmjs.org/path-is-absolute set size:undefined disposed:false
56 silly placeDep node_modules/resolve-path http-errors@1.6.3 OK for: resolve-path@1.4.0 want: ~1.6.2
57 silly placeDep ROOT path-is-absolute@1.0.1 OK for: resolve-path@1.4.0 want: 1.0.1
58 silly fetch manifest inherits@2.0.3
59 silly packumentCache full:https://registry.npmjs.org/inherits cache-miss
60 silly fetch manifest statuses@>= 1.4.0 < 2
61 silly packumentCache full:https://registry.npmjs.org/statuses cache-miss
62 silly fetch manifest setprototypeof@1.1.0
63 silly packumentCache full:https://registry.npmjs.org/setprototypeof cache-miss
64 http cache https://registry.npmjs.org/statuses 2ms (cache hit)
65 silly packumentCache full:https://registry.npmjs.org/statuses set size:37117 disposed:false
66 http fetch GET 200 https://registry.npmjs.org/inherits 25ms (cache miss)
67 silly packumentCache full:https://registry.npmjs.org/inherits set size:undefined disposed:false
68 http fetch GET 200 https://registry.npmjs.org/setprototypeof 29ms (cache miss)
69 silly packumentCache full:https://registry.npmjs.org/setprototypeof set size:undefined disposed:false
70 silly placeDep node_modules/koa-send depd@1.1.2 OK for: http-errors@1.8.1 want: ~1.1.2
71 silly placeDep node_modules/koa-send statuses@1.5.0 OK for: http-errors@1.8.1 want: >= 1.5.0 < 2
72 silly placeDep node_modules/resolve-path depd@1.1.2 OK for: http-errors@1.6.3 want: ~1.1.2
73 silly placeDep node_modules/resolve-path inherits@2.0.3 OK for: http-errors@1.6.3 want: 2.0.3
74 silly placeDep node_modules/resolve-path setprototypeof@1.1.0 OK for: http-errors@1.6.3 want: 1.1.0
75 silly placeDep node_modules/resolve-path statuses@1.5.0 OK for: http-errors@1.6.3 want: >= 1.4.0 < 2
76 silly reify moves {}
77 silly audit bulk request {
77 silly audit   '@cspotcode/source-map-support': [ '0.8.1' ],
77 silly audit   '@hapi/bourne': [ '3.0.0' ],
77 silly audit   '@jridgewell/resolve-uri': [ '3.1.2' ],
77 silly audit   '@jridgewell/sourcemap-codec': [ '1.5.5' ],
77 silly audit   '@jridgewell/trace-mapping': [ '0.3.9' ],
77 silly audit   '@tsconfig/node10': [ '1.0.12' ],
77 silly audit   '@tsconfig/node12': [ '1.0.11' ],
77 silly audit   '@tsconfig/node14': [ '1.0.3' ],
77 silly audit   '@tsconfig/node16': [ '1.0.4' ],
77 silly audit   '@types/accepts': [ '1.3.7' ],
77 silly audit   '@types/bcrypt': [ '6.0.0' ],
77 silly audit   '@types/body-parser': [ '1.19.6' ],
77 silly audit   '@types/connect': [ '3.4.38' ],
77 silly audit   '@types/content-disposition': [ '0.5.9' ],
77 silly audit   '@types/cookies': [ '0.9.2' ],
77 silly audit   '@types/debug': [ '4.1.12' ],
77 silly audit   '@types/express': [ '5.0.6' ],
77 silly audit   '@types/express-serve-static-core': [ '5.1.1' ],
77 silly audit   '@types/http-assert': [ '1.5.6' ],
77 silly audit   '@types/http-errors': [ '2.0.5' ],
77 silly audit   '@types/keygrip': [ '1.0.6' ],
77 silly audit   '@types/koa': [ '3.0.1' ],
77 silly audit   '@types/koa-bodyparser': [ '4.3.13' ],
77 silly audit   '@types/koa-compose': [ '3.2.9' ],
77 silly audit   '@types/koa-json': [ '2.0.24' ],
77 silly audit   '@types/koa-logger': [ '3.1.5' ],
77 silly audit   '@types/koa-passport': [ '6.0.3' ],
77 silly audit   '@types/koa-router': [ '7.4.9' ],
77 silly audit   '@types/ms': [ '2.1.0' ],
77 silly audit   '@types/node': [ '25.3.3' ],
77 silly audit   '@types/passport': [ '1.0.17' ],
77 silly audit   '@types/passport-http': [ '0.3.11' ],
77 silly audit   '@types/qs': [ '6.14.0' ],
77 silly audit   '@types/range-parser': [ '1.2.7' ],
77 silly audit   '@types/send': [ '1.2.1' ],
77 silly audit   '@types/serve-static': [ '2.2.0' ],
77 silly audit   '@types/validator': [ '13.15.10' ],
77 silly audit   accepts: [ '1.3.8' ],
77 silly audit   'mime-db': [ '1.52.0', '1.54.0' ],
77 silly audit   'mime-types': [ '2.1.35', '3.0.2' ],
77 silly audit   acorn: [ '8.16.0' ],
77 silly audit   'acorn-walk': [ '8.3.5' ],
77 silly audit   'ansi-styles': [ '4.3.0' ],
77 silly audit   arg: [ '4.1.3' ],
77 silly audit   'aws-ssl-profiles': [ '1.1.2' ],
77 silly audit   bcrypt: [ '6.0.0' ],
77 silly audit   bytes: [ '3.1.2' ],
77 silly audit   'call-bind-apply-helpers': [ '1.0.2' ],
77 silly audit   'call-bound': [ '1.0.4' ],
77 silly audit   chalk: [ '4.1.2' ],
77 silly audit   'co-body': [ '6.2.0' ],
77 silly audit   'media-typer': [ '0.3.0', '1.1.0' ],
77 silly audit   'type-is': [ '1.6.18', '2.0.1' ],
77 silly audit   'color-convert': [ '2.0.1' ],
77 silly audit   'color-name': [ '1.1.4' ],
77 silly audit   'content-disposition': [ '1.0.1' ],
77 silly audit   'content-type': [ '1.0.5' ],
77 silly audit   cookies: [ '0.9.1' ],
77 silly audit   'copy-to': [ '2.0.1' ],
77 silly audit   'core-util-is': [ '1.0.3' ],
77 silly audit   'create-require': [ '1.1.1' ],
77 silly audit   debug: [ '4.4.3', '3.2.7' ],
77 silly audit   'deep-equal': [ '1.0.1' ],
77 silly audit   delegates: [ '1.0.0' ],
77 silly audit   denque: [ '2.1.0' ],
77 silly audit   depd: [ '2.0.0', '1.1.2' ],
77 silly audit   destroy: [ '1.2.0' ],
77 silly audit   diff: [ '4.0.4' ],
77 silly audit   dottie: [ '2.0.7' ],
77 silly audit   'dunder-proto': [ '1.0.1' ],
77 silly audit   'ee-first': [ '1.1.1' ],
77 silly audit   encodeurl: [ '2.0.0' ],
77 silly audit   'es-define-property': [ '1.0.1' ],
77 silly audit   'es-errors': [ '1.3.0' ],
77 silly audit   'es-object-atoms': [ '1.1.1' ],
77 silly audit   'escape-html': [ '1.0.3' ],
77 silly audit   fresh: [ '0.5.2' ],
77 silly audit   'function-bind': [ '1.1.2' ],
77 silly audit   'generate-function': [ '2.3.1' ],
77 silly audit   'get-intrinsic': [ '1.3.0' ],
77 silly audit   'get-proto': [ '1.0.1' ],
77 silly audit   gopd: [ '1.2.0' ],
77 silly audit   'has-flag': [ '4.0.0' ],
77 silly audit   'has-symbols': [ '1.1.0' ],
77 silly audit   hasown: [ '2.0.2' ],
77 silly audit   'http-assert': [ '1.5.0' ],
77 silly audit   'http-errors': [ '1.8.1', '2.0.1', '1.6.3' ],
77 silly audit   statuses: [ '1.5.0', '2.0.2' ],
77 silly audit   'humanize-number': [ '0.0.2' ],
77 silly audit   'iconv-lite': [ '0.4.24', '0.7.2' ],
77 silly audit   inflation: [ '2.1.0' ],
77 silly audit   inflection: [ '1.13.4' ],
77 silly audit   inherits: [ '2.0.4', '2.0.3' ],
77 silly audit   'is-property': [ '1.0.2' ],
77 silly audit   isarray: [ '1.0.0' ],
77 silly audit   'json-stringify-safe': [ '5.0.1' ],
77 silly audit   keygrip: [ '1.1.0' ],
77 silly audit   koa: [ '3.1.2' ],
77 silly audit   'koa-bodyparser': [ '4.4.1' ],
77 silly audit   'koa-compose': [ '4.1.0' ],
77 silly audit   'koa-is-json': [ '1.0.0' ],
77 silly audit   'koa-json': [ '2.0.2' ],
77 silly audit   'koa-logger': [ '4.0.0' ],
77 silly audit   'koa-passport': [ '6.0.0' ],
77 silly audit   'koa-router': [ '14.0.0' ],
77 silly audit   lodash: [ '4.17.23' ],
77 silly audit   long: [ '5.3.2' ],
77 silly audit   'lru.min': [ '1.1.4' ],
77 silly audit   'make-error': [ '1.3.6' ],
77 silly audit   'math-intrinsics': [ '1.1.0' ],
77 silly audit   moment: [ '2.30.1' ],
77 silly audit   'moment-timezone': [ '0.5.48' ],
77 silly audit   ms: [ '2.1.3' ],
77 silly audit   mysql2: [ '3.19.1' ],
77 silly audit   'named-placeholders': [ '1.1.6' ],
77 silly audit   negotiator: [ '0.6.3' ],
77 silly audit   'node-addon-api': [ '8.6.0' ],
77 silly audit   'node-gyp-build': [ '4.8.4' ],
77 silly audit   'object-inspect': [ '1.13.4' ],
77 silly audit   'on-finished': [ '2.4.1' ],
77 silly audit   parseurl: [ '1.3.3' ],
77 silly audit   passport: [ '0.6.0' ],
77 silly audit   'passport-http': [ '0.3.0' ],
77 silly audit   'passport-strategy': [ '1.0.0' ],
77 silly audit   'passthrough-counter': [ '1.0.0' ],
77 silly audit   'path-to-regexp': [ '8.3.0' ],
77 silly audit   pause: [ '0.0.1' ],
77 silly audit   pg: [ '8.20.0' ],
77 silly audit   'pg-cloudflare': [ '1.3.0' ],
77 silly audit   'pg-connection-string': [ '2.12.0' ],
77 silly audit   'pg-hstore': [ '2.3.4' ],
77 silly audit   'pg-int8': [ '1.0.1' ],
77 silly audit   'pg-pool': [ '3.13.0' ],
77 silly audit   'pg-protocol': [ '1.13.0' ],
77 silly audit   'pg-types': [ '2.2.0' ],
77 silly audit   pgpass: [ '1.0.5' ],
77 silly audit   'postgres-array': [ '2.0.0' ],
77 silly audit   'postgres-bytea': [ '1.0.1' ],
77 silly audit   'postgres-date': [ '1.0.7' ],
77 silly audit   'postgres-interval': [ '1.2.0' ],
77 silly audit   'process-nextick-args': [ '2.0.1' ],
77 silly audit   qs: [ '6.15.0' ],
77 silly audit   'raw-body': [ '2.5.3' ],
77 silly audit   'readable-stream': [ '2.3.8' ],
77 silly audit   'retry-as-promised': [ '7.1.1' ],
77 silly audit   'safe-buffer': [ '5.1.2' ],
77 silly audit   'safer-buffer': [ '2.1.2' ],
77 silly audit   semver: [ '7.7.4' ],
77 silly audit   sequelize: [ '6.37.8' ],
77 silly audit   'sequelize-pool': [ '7.1.0' ],
77 silly audit   setprototypeof: [ '1.2.0', '1.1.0' ],
77 silly audit   'side-channel': [ '1.1.0' ],
77 silly audit   'side-channel-list': [ '1.0.0' ],
77 silly audit   'side-channel-map': [ '1.0.1' ],
77 silly audit   'side-channel-weakmap': [ '1.0.2' ],
77 silly audit   split2: [ '4.2.0' ],
77 silly audit   'sql-escaper': [ '1.3.3' ],
77 silly audit   'streaming-json-stringify': [ '3.1.0' ],
77 silly audit   string_decoder: [ '1.1.1' ],
77 silly audit   'supports-color': [ '7.2.0' ],
77 silly audit   toidentifier: [ '1.0.1' ],
77 silly audit   'toposort-class': [ '1.0.1' ],
77 silly audit   'ts-node': [ '10.9.2' ],
77 silly audit   tsscmp: [ '1.0.6' ],
77 silly audit   typescript: [ '5.9.3' ],
77 silly audit   underscore: [ '1.13.8' ],
77 silly audit   'undici-types': [ '7.18.2' ],
77 silly audit   unpipe: [ '1.0.0' ],
77 silly audit   'util-deprecate': [ '1.0.2' ],
77 silly audit   'utils-merge': [ '1.0.1' ],
77 silly audit   uuid: [ '8.3.2' ],
77 silly audit   'v8-compile-cache-lib': [ '3.0.1' ],
77 silly audit   validator: [ '13.15.26' ],
77 silly audit   vary: [ '1.1.2' ],
77 silly audit   wkx: [ '0.5.0' ],
77 silly audit   xtend: [ '4.0.2' ],
77 silly audit   yn: [ '3.1.1' ],
77 silly audit   'koa-static': [ '5.0.0' ],
77 silly audit   'koa-send': [ '5.0.1' ],
77 silly audit   'resolve-path': [ '1.4.0' ],
77 silly audit   'path-is-absolute': [ '1.0.1' ]
77 silly audit }
78 http cache path-is-absolute@https://registry.npmjs.org/path-is-absolute/-/path-is-absolute-1.0.1.tgz 0ms (cache hit)
79 http cache resolve-path@https://registry.npmjs.org/resolve-path/-/resolve-path-1.4.0.tgz 0ms (cache hit)
80 http cache statuses@https://registry.npmjs.org/statuses/-/statuses-1.5.0.tgz 0ms (cache hit)
81 http cache inherits@https://registry.npmjs.org/inherits/-/inherits-2.0.3.tgz 0ms (cache hit)
82 http cache koa-send@https://registry.npmjs.org/koa-send/-/koa-send-5.0.1.tgz 0ms (cache hit)
83 http cache depd@https://registry.npmjs.org/depd/-/depd-1.1.2.tgz 0ms (cache hit)
84 http cache setprototypeof@https://registry.npmjs.org/setprototypeof/-/setprototypeof-1.1.0.tgz 0ms (cache hit)
85 http cache depd@https://registry.npmjs.org/depd/-/depd-1.1.2.tgz 0ms (cache hit)
86 http cache http-errors@https://registry.npmjs.org/http-errors/-/http-errors-1.6.3.tgz 0ms (cache hit)
87 http cache debug@https://registry.npmjs.org/debug/-/debug-3.2.7.tgz 0ms (cache hit)
88 http cache koa-static@https://registry.npmjs.org/koa-static/-/koa-static-5.0.0.tgz 0ms (cache hit)
89 http cache http-errors@https://registry.npmjs.org/http-errors/-/http-errors-1.8.1.tgz 0ms (cache hit)
90 silly tarball no local data for path-is-absolute@https://registry.npmjs.org/path-is-absolute/-/path-is-absolute-1.0.1.tgz. Extracting by manifest.
91 silly tarball no local data for resolve-path@https://registry.npmjs.org/resolve-path/-/resolve-path-1.4.0.tgz. Extracting by manifest.
92 http cache statuses@https://registry.npmjs.org/statuses/-/statuses-1.5.0.tgz 0ms (cache hit)
93 silly tarball no local data for statuses@https://registry.npmjs.org/statuses/-/statuses-1.5.0.tgz. Extracting by manifest.
94 silly tarball no local data for inherits@https://registry.npmjs.org/inherits/-/inherits-2.0.3.tgz. Extracting by manifest.
95 silly tarball no local data for koa-send@https://registry.npmjs.org/koa-send/-/koa-send-5.0.1.tgz. Extracting by manifest.
96 silly tarball no local data for depd@https://registry.npmjs.org/depd/-/depd-1.1.2.tgz. Extracting by manifest.
97 silly tarball no local data for setprototypeof@https://registry.npmjs.org/setprototypeof/-/setprototypeof-1.1.0.tgz. Extracting by manifest.
98 silly tarball no local data for depd@https://registry.npmjs.org/depd/-/depd-1.1.2.tgz. Extracting by manifest.
99 silly tarball no local data for http-errors@https://registry.npmjs.org/http-errors/-/http-errors-1.6.3.tgz. Extracting by manifest.
100 silly tarball no local data for debug@https://registry.npmjs.org/debug/-/debug-3.2.7.tgz. Extracting by manifest.
101 silly tarball no local data for koa-static@https://registry.npmjs.org/koa-static/-/koa-static-5.0.0.tgz. Extracting by manifest.
102 silly tarball no local data for http-errors@https://registry.npmjs.org/http-errors/-/http-errors-1.8.1.tgz. Extracting by manifest.
103 silly tarball no local data for statuses@https://registry.npmjs.org/statuses/-/statuses-1.5.0.tgz. Extracting by manifest.
104 http fetch GET 200 https://registry.npmjs.org/path-is-absolute/-/path-is-absolute-1.0.1.tgz 46ms (cache miss)
105 http fetch GET 200 https://registry.npmjs.org/resolve-path/-/resolve-path-1.4.0.tgz 46ms (cache miss)
106 http fetch GET 200 https://registry.npmjs.org/depd/-/depd-1.1.2.tgz 54ms (cache miss)
107 http fetch GET 200 https://registry.npmjs.org/depd/-/depd-1.1.2.tgz 54ms (cache miss)
108 http fetch GET 200 https://registry.npmjs.org/koa-send/-/koa-send-5.0.1.tgz 57ms (cache miss)
109 http fetch GET 200 https://registry.npmjs.org/inherits/-/inherits-2.0.3.tgz 65ms (cache miss)
110 http fetch GET 200 https://registry.npmjs.org/http-errors/-/http-errors-1.6.3.tgz 64ms (cache miss)
111 http fetch GET 200 https://registry.npmjs.org/koa-static/-/koa-static-5.0.0.tgz 69ms (cache miss)
112 http fetch GET 200 https://registry.npmjs.org/statuses/-/statuses-1.5.0.tgz 69ms (cache miss)
113 http fetch GET 200 https://registry.npmjs.org/debug/-/debug-3.2.7.tgz 70ms (cache miss)
114 http fetch GET 200 https://registry.npmjs.org/setprototypeof/-/setprototypeof-1.1.0.tgz 76ms (cache miss)
115 http fetch GET 200 https://registry.npmjs.org/http-errors/-/http-errors-1.8.1.tgz 77ms (cache miss)
116 http fetch GET 200 https://registry.npmjs.org/statuses/-/statuses-1.5.0.tgz 128ms (cache miss)
117 http fetch POST 200 https://registry.npmjs.org/-/npm/v1/security/advisories/bulk 184ms
118 silly audit report {
118 silly audit report   lodash: [
118 silly audit report     {
118 silly audit report       id: 1115806,
118 silly audit report       url: 'https://github.com/advisories/GHSA-r5fr-rjxr-66jc',
118 silly audit report       title: 'lodash vulnerable to Code Injection via `_.template` imports key names',
118 silly audit report       severity: 'high',
118 silly audit report       vulnerable_versions: '>=4.0.0 <=4.17.23',
118 silly audit report       cwe: [Array],
118 silly audit report       cvss: [Object]
118 silly audit report     },
118 silly audit report     {
118 silly audit report       id: 1115810,
118 silly audit report       url: 'https://github.com/advisories/GHSA-f23m-r3pf-42rh',
118 silly audit report       title: 'lodash vulnerable to Prototype Pollution via array path bypass in `_.unset` and `_.omit`',
118 silly audit report       severity: 'moderate',
118 silly audit report       vulnerable_versions: '<=4.17.23',
118 silly audit report       cwe: [Array],
118 silly audit report       cvss: [Object]
118 silly audit report     }
118 silly audit report   ],
118 silly audit report   'path-to-regexp': [
118 silly audit report     {
118 silly audit report       id: 1115573,
118 silly audit report       url: 'https://github.com/advisories/GHSA-j3q9-mxjg-w52f',
118 silly audit report       title: 'path-to-regexp vulnerable to Denial of Service via sequential optional groups',
118 silly audit report       severity: 'high',
118 silly audit report       vulnerable_versions: '>=8.0.0 <8.4.0',
118 silly audit report       cwe: [Array],
118 silly audit report       cvss: [Object]
118 silly audit report     },
118 silly audit report     {
118 silly audit report       id: 1115582,
118 silly audit report       url: 'https://github.com/advisories/GHSA-27v5-c462-wpq7',
118 silly audit report       title: 'path-to-regexp vulnerable to Regular Expression Denial of Service via multiple wildcards',
118 silly audit report       severity: 'moderate',
118 silly audit report       vulnerable_versions: '>=8.0.0 <8.4.0',
118 silly audit report       cwe: [Array],
118 silly audit report       cvss: [Object]
118 silly audit report     }
118 silly audit report   ]
118 silly audit report }
119 silly packumentCache corgi:https://registry.npmjs.org/lodash cache-miss
120 silly packumentCache corgi:https://registry.npmjs.org/path-to-regexp cache-miss
121 http fetch GET 200 https://registry.npmjs.org/lodash 26ms (cache miss)
122 silly packumentCache corgi:https://registry.npmjs.org/lodash set size:undefined disposed:false
123 http fetch GET 200 https://registry.npmjs.org/path-to-regexp 37ms (cache miss)
124 silly packumentCache corgi:https://registry.npmjs.org/path-to-regexp set size:undefined disposed:false
125 silly packumentCache corgi:https://registry.npmjs.org/sequelize cache-miss
126 http fetch GET 200 https://registry.npmjs.org/sequelize 37ms (cache miss)
127 silly packumentCache corgi:https://registry.npmjs.org/sequelize set size:undefined disposed:false
128 silly packumentCache corgi:https://registry.npmjs.org/koa-router cache-miss
129 http fetch GET 200 https://registry.npmjs.org/koa-router 25ms (cache miss)
130 silly packumentCache corgi:https://registry.npmjs.org/koa-router set size:undefined disposed:false
131 silly ADD node_modules/path-is-absolute
132 silly ADD node_modules/resolve-path
133 silly ADD node_modules/resolve-path/node_modules/statuses
134 silly ADD node_modules/resolve-path/node_modules/setprototypeof
135 silly ADD node_modules/resolve-path/node_modules/inherits
136 silly ADD node_modules/resolve-path/node_modules/depd
137 silly ADD node_modules/resolve-path/node_modules/http-errors
138 silly ADD node_modules/koa-send
139 silly ADD node_modules/koa-send/node_modules/statuses
140 silly ADD node_modules/koa-send/node_modules/depd
141 silly ADD node_modules/koa-send/node_modules/http-errors
142 silly ADD node_modules/koa-static
143 silly ADD node_modules/koa-static/node_modules/debug
144 verbose cwd /Users/itst/Downloads/Lab04 3
145 verbose os Darwin 25.3.0
146 verbose node v22.14.0
147 verbose npm  v10.9.2
148 notice
148 notice New [31mmajor[39m version of npm available! [31m10.9.2[39m -> [34m11.12.1[39m
148 notice Changelog: [34mhttps://github.com/npm/cli/releases/tag/v11.12.1[39m
148 notice To update run: [4mnpm install -g npm@11.12.1[24m
148 notice  { force: true, [Symbol(proc-log.meta)]: true }
149 verbose exit 0
150 info ok
