0 verbose cli /usr/local/bin/node /usr/local/bin/npm
1 info using npm@10.9.2
2 info using node@v22.14.0
3 silly config load:file:/usr/local/lib/node_modules/npm/npmrc
4 silly config load:file:/Users/itst/Desktop/Lab04_3/client/.npmrc
5 silly config load:file:/Users/itst/.npmrc
6 silly config load:file:/usr/local/etc/npmrc
7 verbose title npm install
8 verbose argv "install" "--cache" "/Users/itst/Desktop/Lab04_3/client/.npm-cache"
9 verbose logfile logs-max:10 dir:/Users/itst/Desktop/Lab04_3/client/.npm-cache/_logs/2026-04-30T07_31_14_909Z-
10 verbose logfile /Users/itst/Desktop/Lab04_3/client/.npm-cache/_logs/2026-04-30T07_31_14_909Z-debug-0.log
11 silly logfile done cleaning log files
12 silly packumentCache heap:4345298944 maxSize:1086324736 maxEntrySize:543162368
13 silly idealTree buildDeps
14 verbose shrinkwrap failed to load node_modules/.package-lock.json out of date, updated: node_modules
15 silly reify moves {}
16 silly audit bulk request {
16 silly audit   '@ant-design/colors': [ '8.0.1', '7.2.1' ],
16 silly audit   '@ant-design/cssinjs': [ '1.24.0' ],
16 silly audit   '@ant-design/cssinjs-utils': [ '1.1.3' ],
16 silly audit   '@ant-design/fast-color': [ '3.0.1', '2.0.6' ],
16 silly audit   '@ant-design/icons': [ '6.1.1', '5.6.1' ],
16 silly audit   '@ant-design/icons-svg': [ '4.4.2' ],
16 silly audit   '@ant-design/react-slick': [ '1.1.2' ],
16 silly audit   '@babel/code-frame': [ '7.29.0' ],
16 silly audit   '@babel/compat-data': [ '7.29.0' ],
16 silly audit   '@babel/core': [ '7.29.0' ],
16 silly audit   '@babel/generator': [ '7.29.1' ],
16 silly audit   '@babel/helper-compilation-targets': [ '7.28.6' ],
16 silly audit   '@babel/helper-globals': [ '7.28.0' ],
16 silly audit   '@babel/helper-module-imports': [ '7.28.6' ],
16 silly audit   '@babel/helper-module-transforms': [ '7.28.6' ],
16 silly audit   '@babel/helper-plugin-utils': [ '7.28.6' ],
16 silly audit   '@babel/helper-string-parser': [ '7.27.1' ],
16 silly audit   '@babel/helper-validator-identifier': [ '7.28.5' ],
16 silly audit   '@babel/helper-validator-option': [ '7.27.1' ],
16 silly audit   '@babel/helpers': [ '7.29.2' ],
16 silly audit   '@babel/parser': [ '7.29.2' ],
16 silly audit   '@babel/plugin-transform-react-jsx-self': [ '7.27.1' ],
16 silly audit   '@babel/plugin-transform-react-jsx-source': [ '7.27.1' ],
16 silly audit   '@babel/runtime': [ '7.29.2' ],
16 silly audit   '@babel/template': [ '7.28.6' ],
16 silly audit   '@babel/traverse': [ '7.29.0' ],
16 silly audit   '@babel/types': [ '7.29.0' ],
16 silly audit   '@emotion/hash': [ '0.8.0' ],
16 silly audit   '@emotion/unitless': [ '0.7.5' ],
16 silly audit   '@esbuild/aix-ppc64': [ '0.27.7' ],
16 silly audit   '@esbuild/android-arm': [ '0.27.7' ],
16 silly audit   '@esbuild/android-arm64': [ '0.27.7' ],
16 silly audit   '@esbuild/android-x64': [ '0.27.7' ],
16 silly audit   '@esbuild/darwin-arm64': [ '0.27.7' ],
16 silly audit   '@esbuild/darwin-x64': [ '0.27.7' ],
16 silly audit   '@esbuild/freebsd-arm64': [ '0.27.7' ],
16 silly audit   '@esbuild/freebsd-x64': [ '0.27.7' ],
16 silly audit   '@esbuild/linux-arm': [ '0.27.7' ],
16 silly audit   '@esbuild/linux-arm64': [ '0.27.7' ],
16 silly audit   '@esbuild/linux-ia32': [ '0.27.7' ],
16 silly audit   '@esbuild/linux-loong64': [ '0.27.7' ],
16 silly audit   '@esbuild/linux-mips64el': [ '0.27.7' ],
16 silly audit   '@esbuild/linux-ppc64': [ '0.27.7' ],
16 silly audit   '@esbuild/linux-riscv64': [ '0.27.7' ],
16 silly audit   '@esbuild/linux-s390x': [ '0.27.7' ],
16 silly audit   '@esbuild/linux-x64': [ '0.27.7' ],
16 silly audit   '@esbuild/netbsd-arm64': [ '0.27.7' ],
16 silly audit   '@esbuild/netbsd-x64': [ '0.27.7' ],
16 silly audit   '@esbuild/openbsd-arm64': [ '0.27.7' ],
16 silly audit   '@esbuild/openbsd-x64': [ '0.27.7' ],
16 silly audit   '@esbuild/openharmony-arm64': [ '0.27.7' ],
16 silly audit   '@esbuild/sunos-x64': [ '0.27.7' ],
16 silly audit   '@esbuild/win32-arm64': [ '0.27.7' ],
16 silly audit   '@esbuild/win32-ia32': [ '0.27.7' ],
16 silly audit   '@esbuild/win32-x64': [ '0.27.7' ],
16 silly audit   '@jridgewell/gen-mapping': [ '0.3.13' ],
16 silly audit   '@jridgewell/remapping': [ '2.3.5' ],
16 silly audit   '@jridgewell/resolve-uri': [ '3.1.2' ],
16 silly audit   '@jridgewell/sourcemap-codec': [ '1.5.5' ],
16 silly audit   '@jridgewell/trace-mapping': [ '0.3.31' ],
16 silly audit   '@rc-component/async-validator': [ '5.1.0' ],
16 silly audit   '@rc-component/color-picker': [ '2.0.1' ],
16 silly audit   '@rc-component/context': [ '1.4.0' ],
16 silly audit   '@rc-component/mini-decimal': [ '1.1.3' ],
16 silly audit   '@rc-component/mutate-observer': [ '1.1.0' ],
16 silly audit   '@rc-component/portal': [ '1.1.2' ],
16 silly audit   '@rc-component/qrcode': [ '1.1.1' ],
16 silly audit   '@rc-component/tour': [ '1.15.1' ],
16 silly audit   '@rc-component/trigger': [ '2.3.1' ],
16 silly audit   '@rc-component/util': [ '1.10.1' ],
16 silly audit   '@remix-run/router': [ '1.23.2' ],
16 silly audit   '@rolldown/pluginutils': [ '1.0.0-rc.3' ],
16 silly audit   '@rollup/rollup-android-arm-eabi': [ '4.60.1' ],
16 silly audit   '@rollup/rollup-android-arm64': [ '4.60.1' ],
16 silly audit   '@rollup/rollup-darwin-arm64': [ '4.60.1' ],
16 silly audit   '@rollup/rollup-darwin-x64': [ '4.60.1' ],
16 silly audit   '@rollup/rollup-freebsd-arm64': [ '4.60.1' ],
16 silly audit   '@rollup/rollup-freebsd-x64': [ '4.60.1' ],
16 silly audit   '@rollup/rollup-linux-arm-gnueabihf': [ '4.60.1' ],
16 silly audit   '@rollup/rollup-linux-arm-musleabihf': [ '4.60.1' ],
16 silly audit   '@rollup/rollup-linux-arm64-gnu': [ '4.60.1' ],
16 silly audit   '@rollup/rollup-linux-arm64-musl': [ '4.60.1' ],
16 silly audit   '@rollup/rollup-linux-loong64-gnu': [ '4.60.1' ],
16 silly audit   '@rollup/rollup-linux-loong64-musl': [ '4.60.1' ],
16 silly audit   '@rollup/rollup-linux-ppc64-gnu': [ '4.60.1' ],
16 silly audit   '@rollup/rollup-linux-ppc64-musl': [ '4.60.1' ],
16 silly audit   '@rollup/rollup-linux-riscv64-gnu': [ '4.60.1' ],
16 silly audit   '@rollup/rollup-linux-riscv64-musl': [ '4.60.1' ],
16 silly audit   '@rollup/rollup-linux-s390x-gnu': [ '4.60.1' ],
16 silly audit   '@rollup/rollup-linux-x64-gnu': [ '4.60.1' ],
16 silly audit   '@rollup/rollup-linux-x64-musl': [ '4.60.1' ],
16 silly audit   '@rollup/rollup-openbsd-x64': [ '4.60.1' ],
16 silly audit   '@rollup/rollup-openharmony-arm64': [ '4.60.1' ],
16 silly audit   '@rollup/rollup-win32-arm64-msvc': [ '4.60.1' ],
16 silly audit   '@rollup/rollup-win32-ia32-msvc': [ '4.60.1' ],
16 silly audit   '@rollup/rollup-win32-x64-gnu': [ '4.60.1' ],
16 silly audit   '@rollup/rollup-win32-x64-msvc': [ '4.60.1' ],
16 silly audit   '@types/babel__core': [ '7.20.5' ],
16 silly audit   '@types/babel__generator': [ '7.27.0' ],
16 silly audit   '@types/babel__template': [ '7.4.4' ],
16 silly audit   '@types/babel__traverse': [ '7.28.0' ],
16 silly audit   '@types/estree': [ '1.0.8' ],
16 silly audit   '@types/react': [ '19.2.14' ],
16 silly audit   '@types/react-dom': [ '19.2.3' ],
16 silly audit   '@vitejs/plugin-react': [ '5.2.0' ],
16 silly audit   antd: [ '5.29.3' ],
16 silly audit   asynckit: [ '0.4.0' ],
16 silly audit   axios: [ '1.15.0' ],
16 silly audit   'baseline-browser-mapping': [ '2.10.19' ],
16 silly audit   browserslist: [ '4.28.2' ],
16 silly audit   'call-bind-apply-helpers': [ '1.0.2' ],
16 silly audit   'caniuse-lite': [ '1.0.30001788' ],
16 silly audit   classnames: [ '2.5.1' ],
16 silly audit   clsx: [ '2.1.1' ],
16 silly audit   'combined-stream': [ '1.0.8' ],
16 silly audit   'compute-scroll-into-view': [ '3.1.1' ],
16 silly audit   'convert-source-map': [ '2.0.0' ],
16 silly audit   'copy-to-clipboard': [ '3.3.3' ],
16 silly audit   csstype: [ '3.2.3' ],
16 silly audit   dayjs: [ '1.11.20' ],
16 silly audit   debug: [ '4.4.3' ],
16 silly audit   'delayed-stream': [ '1.0.0' ],
16 silly audit   'dunder-proto': [ '1.0.1' ],
16 silly audit   'electron-to-chromium': [ '1.5.339' ],
16 silly audit   'es-define-property': [ '1.0.1' ],
16 silly audit   'es-errors': [ '1.3.0' ],
16 silly audit   'es-object-atoms': [ '1.1.1' ],
16 silly audit   'es-set-tostringtag': [ '2.1.0' ],
16 silly audit   esbuild: [ '0.27.7' ],
16 silly audit   escalade: [ '3.2.0' ],
16 silly audit   fdir: [ '6.5.0' ],
16 silly audit   'follow-redirects': [ '1.16.0' ],
16 silly audit   'form-data': [ '4.0.5' ],
16 silly audit   fsevents: [ '2.3.3' ],
16 silly audit   'function-bind': [ '1.1.2' ],
16 silly audit   gensync: [ '1.0.0-beta.2' ],
16 silly audit   'get-intrinsic': [ '1.3.0' ],
16 silly audit   'get-proto': [ '1.0.1' ],
16 silly audit   gopd: [ '1.2.0' ],
16 silly audit   'has-symbols': [ '1.1.0' ],
16 silly audit   'has-tostringtag': [ '1.0.2' ],
16 silly audit   hasown: [ '2.0.2' ],
16 silly audit   'is-mobile': [ '5.0.0' ],
16 silly audit   'js-tokens': [ '4.0.0' ],
16 silly audit   jsesc: [ '3.1.0' ],
16 silly audit   json2mq: [ '0.2.0' ],
16 silly audit   json5: [ '2.2.3' ],
16 silly audit   'loose-envify': [ '1.4.0' ],
16 silly audit   'lru-cache': [ '5.1.1' ],
16 silly audit   'math-intrinsics': [ '1.1.0' ],
16 silly audit   'mime-db': [ '1.52.0' ],
16 silly audit   'mime-types': [ '2.1.35' ],
16 silly audit   ms: [ '2.1.3' ],
16 silly audit   nanoid: [ '3.3.11' ],
16 silly audit   'node-releases': [ '2.0.37' ],
16 silly audit   picocolors: [ '1.1.1' ],
16 silly audit   picomatch: [ '4.0.4' ],
16 silly audit   postcss: [ '8.5.10' ],
16 silly audit   'proxy-from-env': [ '2.1.0' ],
16 silly audit   'rc-cascader': [ '3.34.0' ],
16 silly audit   'rc-checkbox': [ '3.5.0' ],
16 silly audit   'rc-collapse': [ '3.9.0' ],
16 silly audit   'rc-dialog': [ '9.6.0' ],
16 silly audit   'rc-drawer': [ '7.3.0' ],
16 silly audit   'rc-dropdown': [ '4.2.1' ],
16 silly audit   'rc-field-form': [ '2.7.1' ],
16 silly audit   'rc-image': [ '7.12.0' ],
16 silly audit   'rc-input': [ '1.8.0' ],
16 silly audit   'rc-input-number': [ '9.5.0' ],
16 silly audit   'rc-mentions': [ '2.20.0' ],
16 silly audit   'rc-menu': [ '9.16.1' ],
16 silly audit   'rc-motion': [ '2.9.5' ],
16 silly audit   'rc-notification': [ '5.6.4' ],
16 silly audit   'rc-overflow': [ '1.5.0' ],
16 silly audit   'rc-pagination': [ '5.1.0' ],
16 silly audit   'rc-picker': [ '4.11.3' ],
16 silly audit   'rc-progress': [ '4.0.0' ],
16 silly audit   'rc-rate': [ '2.13.1' ],
16 silly audit   'rc-resize-observer': [ '1.4.3' ],
16 silly audit   'rc-segmented': [ '2.7.1' ],
16 silly audit   'rc-select': [ '14.16.8' ],
16 silly audit   'rc-slider': [ '11.1.9' ],
16 silly audit   'rc-steps': [ '6.0.1' ],
16 silly audit   'rc-switch': [ '4.1.0' ],
16 silly audit   'rc-table': [ '7.54.0' ],
16 silly audit   'rc-tabs': [ '15.7.0' ],
16 silly audit   'rc-textarea': [ '1.10.2' ],
16 silly audit   'rc-tooltip': [ '6.4.0' ],
16 silly audit   'rc-tree': [ '5.13.1' ],
16 silly audit   'rc-tree-select': [ '5.27.0' ],
16 silly audit   'rc-upload': [ '4.11.0' ],
16 silly audit   'rc-util': [ '5.44.4' ],
16 silly audit   'rc-virtual-list': [ '3.19.2' ],
16 silly audit   react: [ '18.3.1' ],
16 silly audit   'react-dom': [ '18.3.1' ],
16 silly audit   'react-is': [ '18.3.1' ],
16 silly audit   'react-refresh': [ '0.18.0' ],
16 silly audit   'react-router': [ '6.30.3' ],
16 silly audit   'react-router-dom': [ '6.30.3' ],
16 silly audit   'resize-observer-polyfill': [ '1.5.1' ],
16 silly audit   rollup: [ '4.60.1' ],
16 silly audit   scheduler: [ '0.23.2' ],
16 silly audit   'scroll-into-view-if-needed': [ '3.1.0' ],
16 silly audit   semver: [ '6.3.1' ],
16 silly audit   'source-map-js': [ '1.2.1' ],
16 silly audit   'string-convert': [ '0.2.1' ],
16 silly audit   stylis: [ '4.3.6' ],
16 silly audit   'throttle-debounce': [ '5.0.2' ],
16 silly audit   tinyglobby: [ '0.2.16' ],
16 silly audit   'toggle-selection': [ '1.0.6' ],
16 silly audit   typescript: [ '5.9.3' ],
16 silly audit   'update-browserslist-db': [ '1.2.3' ],
16 silly audit   vite: [ '7.3.2' ],
16 silly audit   yallist: [ '3.1.1' ]
16 silly audit }
17 verbose reify failed optional dependency /Users/itst/Desktop/Lab04_3/client/node_modules/@rollup/rollup-win32-x64-msvc
18 silly reify mark deleted [
18 silly reify   '/Users/itst/Desktop/Lab04_3/client/node_modules/@rollup/rollup-win32-x64-msvc'
18 silly reify ]
19 verbose reify failed optional dependency /Users/itst/Desktop/Lab04_3/client/node_modules/@rollup/rollup-win32-x64-gnu
20 silly reify mark deleted [
20 silly reify   '/Users/itst/Desktop/Lab04_3/client/node_modules/@rollup/rollup-win32-x64-gnu'
20 silly reify ]
21 verbose reify failed optional dependency /Users/itst/Desktop/Lab04_3/client/node_modules/@rollup/rollup-win32-ia32-msvc
22 silly reify mark deleted [
22 silly reify   '/Users/itst/Desktop/Lab04_3/client/node_modules/@rollup/rollup-win32-ia32-msvc'
22 silly reify ]
23 verbose reify failed optional dependency /Users/itst/Desktop/Lab04_3/client/node_modules/@rollup/rollup-win32-arm64-msvc
24 silly reify mark deleted [
24 silly reify   '/Users/itst/Desktop/Lab04_3/client/node_modules/@rollup/rollup-win32-arm64-msvc'
24 silly reify ]
25 verbose reify failed optional dependency /Users/itst/Desktop/Lab04_3/client/node_modules/@rollup/rollup-openharmony-arm64
26 silly reify mark deleted [
26 silly reify   '/Users/itst/Desktop/Lab04_3/client/node_modules/@rollup/rollup-openharmony-arm64'
26 silly reify ]
27 verbose reify failed optional dependency /Users/itst/Desktop/Lab04_3/client/node_modules/@rollup/rollup-openbsd-x64
28 silly reify mark deleted [
28 silly reify   '/Users/itst/Desktop/Lab04_3/client/node_modules/@rollup/rollup-openbsd-x64'
28 silly reify ]
29 verbose reify failed optional dependency /Users/itst/Desktop/Lab04_3/client/node_modules/@rollup/rollup-linux-x64-musl
30 silly reify mark deleted [
30 silly reify   '/Users/itst/Desktop/Lab04_3/client/node_modules/@rollup/rollup-linux-x64-musl'
30 silly reify ]
31 verbose reify failed optional dependency /Users/itst/Desktop/Lab04_3/client/node_modules/@rollup/rollup-linux-x64-gnu
32 silly reify mark deleted [
32 silly reify   '/Users/itst/Desktop/Lab04_3/client/node_modules/@rollup/rollup-linux-x64-gnu'
32 silly reify ]
33 verbose reify failed optional dependency /Users/itst/Desktop/Lab04_3/client/node_modules/@rollup/rollup-linux-s390x-gnu
34 silly reify mark deleted [
34 silly reify   '/Users/itst/Desktop/Lab04_3/client/node_modules/@rollup/rollup-linux-s390x-gnu'
34 silly reify ]
35 verbose reify failed optional dependency /Users/itst/Desktop/Lab04_3/client/node_modules/@rollup/rollup-linux-riscv64-musl
36 silly reify mark deleted [
36 silly reify   '/Users/itst/Desktop/Lab04_3/client/node_modules/@rollup/rollup-linux-riscv64-musl'
36 silly reify ]
37 verbose reify failed optional dependency /Users/itst/Desktop/Lab04_3/client/node_modules/@rollup/rollup-linux-riscv64-gnu
38 silly reify mark deleted [
38 silly reify   '/Users/itst/Desktop/Lab04_3/client/node_modules/@rollup/rollup-linux-riscv64-gnu'
38 silly reify ]
39 verbose reify failed optional dependency /Users/itst/Desktop/Lab04_3/client/node_modules/@rollup/rollup-linux-ppc64-musl
40 silly reify mark deleted [
40 silly reify   '/Users/itst/Desktop/Lab04_3/client/node_modules/@rollup/rollup-linux-ppc64-musl'
40 silly reify ]
41 verbose reify failed optional dependency /Users/itst/Desktop/Lab04_3/client/node_modules/@rollup/rollup-linux-ppc64-gnu
42 silly reify mark deleted [
42 silly reify   '/Users/itst/Desktop/Lab04_3/client/node_modules/@rollup/rollup-linux-ppc64-gnu'
42 silly reify ]
43 verbose reify failed optional dependency /Users/itst/Desktop/Lab04_3/client/node_modules/@rollup/rollup-linux-loong64-musl
44 silly reify mark deleted [
44 silly reify   '/Users/itst/Desktop/Lab04_3/client/node_modules/@rollup/rollup-linux-loong64-musl'
44 silly reify ]
45 verbose reify failed optional dependency /Users/itst/Desktop/Lab04_3/client/node_modules/@rollup/rollup-linux-loong64-gnu
46 silly reify mark deleted [
46 silly reify   '/Users/itst/Desktop/Lab04_3/client/node_modules/@rollup/rollup-linux-loong64-gnu'
46 silly reify ]
47 verbose reify failed optional dependency /Users/itst/Desktop/Lab04_3/client/node_modules/@rollup/rollup-linux-arm64-musl
48 silly reify mark deleted [
48 silly reify   '/Users/itst/Desktop/Lab04_3/client/node_modules/@rollup/rollup-linux-arm64-musl'
48 silly reify ]
49 verbose reify failed optional dependency /Users/itst/Desktop/Lab04_3/client/node_modules/@rollup/rollup-linux-arm64-gnu
50 silly reify mark deleted [
50 silly reify   '/Users/itst/Desktop/Lab04_3/client/node_modules/@rollup/rollup-linux-arm64-gnu'
50 silly reify ]
51 verbose reify failed optional dependency /Users/itst/Desktop/Lab04_3/client/node_modules/@rollup/rollup-linux-arm-musleabihf
52 silly reify mark deleted [
52 silly reify   '/Users/itst/Desktop/Lab04_3/client/node_modules/@rollup/rollup-linux-arm-musleabihf'
52 silly reify ]
53 verbose reify failed optional dependency /Users/itst/Desktop/Lab04_3/client/node_modules/@rollup/rollup-linux-arm-gnueabihf
54 silly reify mark deleted [
54 silly reify   '/Users/itst/Desktop/Lab04_3/client/node_modules/@rollup/rollup-linux-arm-gnueabihf'
54 silly reify ]
55 verbose reify failed optional dependency /Users/itst/Desktop/Lab04_3/client/node_modules/@rollup/rollup-freebsd-x64
56 silly reify mark deleted [
56 silly reify   '/Users/itst/Desktop/Lab04_3/client/node_modules/@rollup/rollup-freebsd-x64'
56 silly reify ]
57 verbose reify failed optional dependency /Users/itst/Desktop/Lab04_3/client/node_modules/@rollup/rollup-freebsd-arm64
58 silly reify mark deleted [
58 silly reify   '/Users/itst/Desktop/Lab04_3/client/node_modules/@rollup/rollup-freebsd-arm64'
58 silly reify ]
59 verbose reify failed optional dependency /Users/itst/Desktop/Lab04_3/client/node_modules/@rollup/rollup-darwin-x64
60 silly reify mark deleted [
60 silly reify   '/Users/itst/Desktop/Lab04_3/client/node_modules/@rollup/rollup-darwin-x64'
60 silly reify ]
61 verbose reify failed optional dependency /Users/itst/Desktop/Lab04_3/client/node_modules/@rollup/rollup-android-arm64
62 silly reify mark deleted [
62 silly reify   '/Users/itst/Desktop/Lab04_3/client/node_modules/@rollup/rollup-android-arm64'
62 silly reify ]
63 verbose reify failed optional dependency /Users/itst/Desktop/Lab04_3/client/node_modules/@rollup/rollup-android-arm-eabi
64 silly reify mark deleted [
64 silly reify   '/Users/itst/Desktop/Lab04_3/client/node_modules/@rollup/rollup-android-arm-eabi'
64 silly reify ]
65 verbose reify failed optional dependency /Users/itst/Desktop/Lab04_3/client/node_modules/@esbuild/win32-x64
66 silly reify mark deleted [
66 silly reify   '/Users/itst/Desktop/Lab04_3/client/node_modules/@esbuild/win32-x64'
66 silly reify ]
67 verbose reify failed optional dependency /Users/itst/Desktop/Lab04_3/client/node_modules/@esbuild/win32-ia32
68 silly reify mark deleted [
68 silly reify   '/Users/itst/Desktop/Lab04_3/client/node_modules/@esbuild/win32-ia32'
68 silly reify ]
69 verbose reify failed optional dependency /Users/itst/Desktop/Lab04_3/client/node_modules/@esbuild/win32-arm64
70 silly reify mark deleted [
70 silly reify   '/Users/itst/Desktop/Lab04_3/client/node_modules/@esbuild/win32-arm64'
70 silly reify ]
71 verbose reify failed optional dependency /Users/itst/Desktop/Lab04_3/client/node_modules/@esbuild/sunos-x64
72 silly reify mark deleted [
72 silly reify   '/Users/itst/Desktop/Lab04_3/client/node_modules/@esbuild/sunos-x64'
72 silly reify ]
73 verbose reify failed optional dependency /Users/itst/Desktop/Lab04_3/client/node_modules/@esbuild/openharmony-arm64
74 silly reify mark deleted [
74 silly reify   '/Users/itst/Desktop/Lab04_3/client/node_modules/@esbuild/openharmony-arm64'
74 silly reify ]
75 verbose reify failed optional dependency /Users/itst/Desktop/Lab04_3/client/node_modules/@esbuild/openbsd-x64
76 silly reify mark deleted [
76 silly reify   '/Users/itst/Desktop/Lab04_3/client/node_modules/@esbuild/openbsd-x64'
76 silly reify ]
77 verbose reify failed optional dependency /Users/itst/Desktop/Lab04_3/client/node_modules/@esbuild/openbsd-arm64
78 silly reify mark deleted [
78 silly reify   '/Users/itst/Desktop/Lab04_3/client/node_modules/@esbuild/openbsd-arm64'
78 silly reify ]
79 verbose reify failed optional dependency /Users/itst/Desktop/Lab04_3/client/node_modules/@esbuild/netbsd-x64
80 silly reify mark deleted [
80 silly reify   '/Users/itst/Desktop/Lab04_3/client/node_modules/@esbuild/netbsd-x64'
80 silly reify ]
81 verbose reify failed optional dependency /Users/itst/Desktop/Lab04_3/client/node_modules/@esbuild/netbsd-arm64
82 silly reify mark deleted [
82 silly reify   '/Users/itst/Desktop/Lab04_3/client/node_modules/@esbuild/netbsd-arm64'
82 silly reify ]
83 verbose reify failed optional dependency /Users/itst/Desktop/Lab04_3/client/node_modules/@esbuild/linux-x64
84 silly reify mark deleted [
84 silly reify   '/Users/itst/Desktop/Lab04_3/client/node_modules/@esbuild/linux-x64'
84 silly reify ]
85 verbose reify failed optional dependency /Users/itst/Desktop/Lab04_3/client/node_modules/@esbuild/linux-s390x
86 silly reify mark deleted [
86 silly reify   '/Users/itst/Desktop/Lab04_3/client/node_modules/@esbuild/linux-s390x'
86 silly reify ]
87 verbose reify failed optional dependency /Users/itst/Desktop/Lab04_3/client/node_modules/@esbuild/linux-riscv64
88 silly reify mark deleted [
88 silly reify   '/Users/itst/Desktop/Lab04_3/client/node_modules/@esbuild/linux-riscv64'
88 silly reify ]
89 verbose reify failed optional dependency /Users/itst/Desktop/Lab04_3/client/node_modules/@esbuild/linux-ppc64
90 silly reify mark deleted [
90 silly reify   '/Users/itst/Desktop/Lab04_3/client/node_modules/@esbuild/linux-ppc64'
90 silly reify ]
91 verbose reify failed optional dependency /Users/itst/Desktop/Lab04_3/client/node_modules/@esbuild/linux-mips64el
92 silly reify mark deleted [
92 silly reify   '/Users/itst/Desktop/Lab04_3/client/node_modules/@esbuild/linux-mips64el'
92 silly reify ]
93 verbose reify failed optional dependency /Users/itst/Desktop/Lab04_3/client/node_modules/@esbuild/linux-loong64
94 silly reify mark deleted [
94 silly reify   '/Users/itst/Desktop/Lab04_3/client/node_modules/@esbuild/linux-loong64'
94 silly reify ]
95 verbose reify failed optional dependency /Users/itst/Desktop/Lab04_3/client/node_modules/@esbuild/linux-ia32
96 silly reify mark deleted [
96 silly reify   '/Users/itst/Desktop/Lab04_3/client/node_modules/@esbuild/linux-ia32'
96 silly reify ]
97 verbose reify failed optional dependency /Users/itst/Desktop/Lab04_3/client/node_modules/@esbuild/linux-arm64
98 silly reify mark deleted [
98 silly reify   '/Users/itst/Desktop/Lab04_3/client/node_modules/@esbuild/linux-arm64'
98 silly reify ]
99 verbose reify failed optional dependency /Users/itst/Desktop/Lab04_3/client/node_modules/@esbuild/linux-arm
100 silly reify mark deleted [
100 silly reify   '/Users/itst/Desktop/Lab04_3/client/node_modules/@esbuild/linux-arm'
100 silly reify ]
101 verbose reify failed optional dependency /Users/itst/Desktop/Lab04_3/client/node_modules/@esbuild/freebsd-x64
102 silly reify mark deleted [
102 silly reify   '/Users/itst/Desktop/Lab04_3/client/node_modules/@esbuild/freebsd-x64'
102 silly reify ]
103 verbose reify failed optional dependency /Users/itst/Desktop/Lab04_3/client/node_modules/@esbuild/freebsd-arm64
104 silly reify mark deleted [
104 silly reify   '/Users/itst/Desktop/Lab04_3/client/node_modules/@esbuild/freebsd-arm64'
104 silly reify ]
105 verbose reify failed optional dependency /Users/itst/Desktop/Lab04_3/client/node_modules/@esbuild/darwin-x64
106 silly reify mark deleted [
106 silly reify   '/Users/itst/Desktop/Lab04_3/client/node_modules/@esbuild/darwin-x64'
106 silly reify ]
107 verbose reify failed optional dependency /Users/itst/Desktop/Lab04_3/client/node_modules/@esbuild/android-x64
108 silly reify mark deleted [
108 silly reify   '/Users/itst/Desktop/Lab04_3/client/node_modules/@esbuild/android-x64'
108 silly reify ]
109 verbose reify failed optional dependency /Users/itst/Desktop/Lab04_3/client/node_modules/@esbuild/android-arm64
110 silly reify mark deleted [
110 silly reify   '/Users/itst/Desktop/Lab04_3/client/node_modules/@esbuild/android-arm64'
110 silly reify ]
111 verbose reify failed optional dependency /Users/itst/Desktop/Lab04_3/client/node_modules/@esbuild/android-arm
112 silly reify mark deleted [
112 silly reify   '/Users/itst/Desktop/Lab04_3/client/node_modules/@esbuild/android-arm'
112 silly reify ]
113 verbose reify failed optional dependency /Users/itst/Desktop/Lab04_3/client/node_modules/@esbuild/aix-ppc64
114 silly reify mark deleted [
114 silly reify   '/Users/itst/Desktop/Lab04_3/client/node_modules/@esbuild/aix-ppc64'
114 silly reify ]
115 http fetch GET 200 https://registry.npmjs.org/npm 167ms
116 http fetch POST 200 https://registry.npmjs.org/-/npm/v1/security/advisories/bulk 272ms
117 silly audit report {}
118 silly ADD
119 silly ADD
120 silly ADD
121 silly ADD
122 silly ADD
123 silly ADD
124 silly ADD
125 silly ADD
126 silly ADD
127 silly ADD
128 silly ADD
129 silly ADD
130 silly ADD
131 silly ADD
132 silly ADD
133 silly ADD
134 silly ADD
135 silly ADD
136 silly ADD
137 silly ADD
138 silly ADD
139 silly ADD
140 silly ADD
141 silly ADD
142 silly ADD
143 silly ADD
144 silly ADD
145 silly ADD
146 silly ADD
147 silly ADD
148 silly ADD
149 silly ADD
150 silly ADD
151 silly ADD
152 silly ADD
153 silly ADD
154 silly ADD
155 silly ADD
156 silly ADD
157 silly ADD
158 silly ADD
159 silly ADD
160 silly ADD
161 silly ADD
162 silly ADD
163 silly ADD
164 silly ADD
165 silly ADD
166 silly ADD
167 verbose cwd /Users/itst/Desktop/Lab04_3/client
168 verbose os Darwin 25.3.0
169 verbose node v22.14.0
170 verbose npm  v10.9.2
171 notice
171 notice New [31mmajor[39m version of npm available! [31m10.9.2[39m -> [34m11.13.0[39m
171 notice Changelog: [34mhttps://github.com/npm/cli/releases/tag/v11.13.0[39m
171 notice To update run: [4mnpm install -g npm@11.13.0[24m
171 notice  { force: true, [Symbol(proc-log.meta)]: true }
172 verbose exit 0
173 info ok
