0 verbose cli /usr/local/bin/node /usr/local/bin/npm
1 info using npm@10.9.2
2 info using node@v22.14.0
3 silly config load:file:/usr/local/lib/node_modules/npm/npmrc
4 silly config load:file:/Users/itst/Downloads/Lab04 3/client/.npmrc
5 silly config load:file:/Users/itst/.npmrc
6 silly config load:file:/usr/local/etc/npmrc
7 verbose title npm install axios
8 verbose argv "install" "axios" "--cache" "/Users/itst/Downloads/Lab04 3/.npm-cache-client"
9 verbose logfile logs-max:10 dir:/Users/itst/Downloads/Lab04 3/.npm-cache-client/_logs/2026-04-16T07_20_37_881Z-
10 verbose logfile /Users/itst/Downloads/Lab04 3/.npm-cache-client/_logs/2026-04-16T07_20_37_881Z-debug-0.log
11 silly logfile done cleaning log files
12 silly packumentCache heap:4345298944 maxSize:1086324736 maxEntrySize:543162368
13 silly idealTree buildDeps
14 silly fetch manifest axios@*
15 silly packumentCache full:https://registry.npmjs.org/axios cache-miss
16 verbose shrinkwrap failed to load node_modules/.package-lock.json out of date, updated: node_modules
17 http fetch GET 200 https://registry.npmjs.org/axios 94ms (cache miss)
18 silly packumentCache full:https://registry.npmjs.org/axios set size:undefined disposed:false
19 silly placeDep ROOT axios@1.15.0 OK for: lab04-client@1.0.0 want: *
20 silly fetch manifest form-data@^4.0.5
21 silly packumentCache full:https://registry.npmjs.org/form-data cache-miss
22 silly fetch manifest proxy-from-env@^2.1.0
23 silly packumentCache full:https://registry.npmjs.org/proxy-from-env cache-miss
24 silly fetch manifest follow-redirects@^1.15.11
25 silly packumentCache full:https://registry.npmjs.org/follow-redirects cache-miss
26 http fetch GET 200 https://registry.npmjs.org/form-data 28ms (cache miss)
27 silly packumentCache full:https://registry.npmjs.org/form-data set size:undefined disposed:false
28 http fetch GET 200 https://registry.npmjs.org/proxy-from-env 66ms (cache miss)
29 silly packumentCache full:https://registry.npmjs.org/proxy-from-env set size:undefined disposed:false
30 http fetch GET 200 https://registry.npmjs.org/follow-redirects 66ms (cache miss)
31 silly packumentCache full:https://registry.npmjs.org/follow-redirects set size:undefined disposed:false
32 silly placeDep ROOT follow-redirects@1.16.0 OK for: axios@1.15.0 want: ^1.15.11
33 silly placeDep ROOT form-data@4.0.5 OK for: axios@1.15.0 want: ^4.0.5
34 silly placeDep ROOT proxy-from-env@2.1.0 OK for: axios@1.15.0 want: ^2.1.0
35 silly fetch manifest asynckit@^0.4.0
36 silly packumentCache full:https://registry.npmjs.org/asynckit cache-miss
37 silly fetch manifest combined-stream@^1.0.8
38 silly packumentCache full:https://registry.npmjs.org/combined-stream cache-miss
39 silly fetch manifest es-set-tostringtag@^2.1.0
40 silly packumentCache full:https://registry.npmjs.org/es-set-tostringtag cache-miss
41 silly fetch manifest hasown@^2.0.2
42 silly packumentCache full:https://registry.npmjs.org/hasown cache-miss
43 silly fetch manifest mime-types@^2.1.12
44 silly packumentCache full:https://registry.npmjs.org/mime-types cache-miss
45 http fetch GET 200 https://registry.npmjs.org/asynckit 26ms (cache miss)
46 silly packumentCache full:https://registry.npmjs.org/asynckit set size:undefined disposed:false
47 http fetch GET 200 https://registry.npmjs.org/hasown 41ms (cache miss)
48 silly packumentCache full:https://registry.npmjs.org/hasown set size:undefined disposed:false
49 http fetch GET 200 https://registry.npmjs.org/combined-stream 43ms (cache miss)
50 silly packumentCache full:https://registry.npmjs.org/combined-stream set size:undefined disposed:false
51 http fetch GET 200 https://registry.npmjs.org/es-set-tostringtag 50ms (cache miss)
52 silly packumentCache full:https://registry.npmjs.org/es-set-tostringtag set size:undefined disposed:false
53 http fetch GET 200 https://registry.npmjs.org/mime-types 50ms (cache miss)
54 silly packumentCache full:https://registry.npmjs.org/mime-types set size:undefined disposed:false
55 silly placeDep ROOT asynckit@0.4.0 OK for: form-data@4.0.5 want: ^0.4.0
56 silly placeDep ROOT combined-stream@1.0.8 OK for: form-data@4.0.5 want: ^1.0.8
57 silly placeDep ROOT es-set-tostringtag@2.1.0 OK for: form-data@4.0.5 want: ^2.1.0
58 silly placeDep ROOT hasown@2.0.2 OK for: form-data@4.0.5 want: ^2.0.2
59 silly placeDep ROOT mime-types@2.1.35 OK for: form-data@4.0.5 want: ^2.1.12
60 silly fetch manifest delayed-stream@~1.0.0
61 silly packumentCache full:https://registry.npmjs.org/delayed-stream cache-miss
62 silly fetch manifest es-errors@^1.3.0
63 silly packumentCache full:https://registry.npmjs.org/es-errors cache-miss
64 silly fetch manifest get-intrinsic@^1.2.6
65 silly packumentCache full:https://registry.npmjs.org/get-intrinsic cache-miss
66 silly fetch manifest has-tostringtag@^1.0.2
67 silly packumentCache full:https://registry.npmjs.org/has-tostringtag cache-miss
68 silly fetch manifest function-bind@^1.1.2
69 silly packumentCache full:https://registry.npmjs.org/function-bind cache-miss
70 silly fetch manifest mime-db@1.52.0
71 silly packumentCache full:https://registry.npmjs.org/mime-db cache-miss
72 http fetch GET 200 https://registry.npmjs.org/es-errors 27ms (cache miss)
73 silly packumentCache full:https://registry.npmjs.org/es-errors set size:undefined disposed:false
74 http fetch GET 200 https://registry.npmjs.org/get-intrinsic 30ms (cache miss)
75 silly packumentCache full:https://registry.npmjs.org/get-intrinsic set size:undefined disposed:false
76 http fetch GET 200 https://registry.npmjs.org/has-tostringtag 35ms (cache miss)
77 silly packumentCache full:https://registry.npmjs.org/has-tostringtag set size:undefined disposed:false
78 http fetch GET 200 https://registry.npmjs.org/delayed-stream 40ms (cache miss)
79 silly packumentCache full:https://registry.npmjs.org/delayed-stream set size:undefined disposed:false
80 http fetch GET 200 https://registry.npmjs.org/function-bind 49ms (cache miss)
81 silly packumentCache full:https://registry.npmjs.org/function-bind set size:undefined disposed:false
82 http fetch GET 200 https://registry.npmjs.org/mime-db 63ms (cache miss)
83 silly packumentCache full:https://registry.npmjs.org/mime-db set size:undefined disposed:false
84 silly placeDep ROOT delayed-stream@1.0.0 OK for: combined-stream@1.0.8 want: ~1.0.0
85 silly placeDep ROOT es-errors@1.3.0 OK for: es-set-tostringtag@2.1.0 want: ^1.3.0
86 silly placeDep ROOT get-intrinsic@1.3.0 OK for: es-set-tostringtag@2.1.0 want: ^1.2.6
87 silly placeDep ROOT has-tostringtag@1.0.2 OK for: es-set-tostringtag@2.1.0 want: ^1.0.2
88 silly fetch manifest gopd@^1.2.0
89 silly packumentCache full:https://registry.npmjs.org/gopd cache-miss
90 silly fetch manifest get-proto@^1.0.1
91 silly packumentCache full:https://registry.npmjs.org/get-proto cache-miss
92 silly fetch manifest has-symbols@^1.1.0
93 silly packumentCache full:https://registry.npmjs.org/has-symbols cache-miss
94 silly fetch manifest es-object-atoms@^1.1.1
95 silly packumentCache full:https://registry.npmjs.org/es-object-atoms cache-miss
96 silly fetch manifest math-intrinsics@^1.1.0
97 silly packumentCache full:https://registry.npmjs.org/math-intrinsics cache-miss
98 silly fetch manifest es-define-property@^1.0.1
99 silly packumentCache full:https://registry.npmjs.org/es-define-property cache-miss
100 silly fetch manifest call-bind-apply-helpers@^1.0.2
101 silly packumentCache full:https://registry.npmjs.org/call-bind-apply-helpers cache-miss
102 http fetch GET 200 https://registry.npmjs.org/es-object-atoms 23ms (cache miss)
103 silly packumentCache full:https://registry.npmjs.org/es-object-atoms set size:undefined disposed:false
104 silly fetch manifest has-symbols@^1.0.3
105 silly packumentCache full:https://registry.npmjs.org/has-symbols cache-miss
106 http fetch GET 200 https://registry.npmjs.org/has-symbols 28ms (cache miss)
107 silly packumentCache full:https://registry.npmjs.org/has-symbols set size:undefined disposed:false
108 http fetch GET 200 https://registry.npmjs.org/es-define-property 33ms (cache miss)
109 silly packumentCache full:https://registry.npmjs.org/es-define-property set size:undefined disposed:false
110 http fetch GET 200 https://registry.npmjs.org/gopd 37ms (cache miss)
111 silly packumentCache full:https://registry.npmjs.org/gopd set size:undefined disposed:false
112 http fetch GET 200 https://registry.npmjs.org/get-proto 40ms (cache miss)
113 silly packumentCache full:https://registry.npmjs.org/get-proto set size:undefined disposed:false
114 http fetch GET 200 https://registry.npmjs.org/math-intrinsics 42ms (cache miss)
115 silly packumentCache full:https://registry.npmjs.org/math-intrinsics set size:undefined disposed:false
116 http fetch GET 200 https://registry.npmjs.org/has-symbols 20ms (cache miss)
117 silly packumentCache full:https://registry.npmjs.org/has-symbols set size:undefined disposed:false
118 http fetch GET 200 https://registry.npmjs.org/call-bind-apply-helpers 50ms (cache miss)
119 silly packumentCache full:https://registry.npmjs.org/call-bind-apply-helpers set size:undefined disposed:false
120 silly placeDep ROOT call-bind-apply-helpers@1.0.2 OK for: get-intrinsic@1.3.0 want: ^1.0.2
121 silly placeDep ROOT es-define-property@1.0.1 OK for: get-intrinsic@1.3.0 want: ^1.0.1
122 silly placeDep ROOT es-object-atoms@1.1.1 OK for: get-intrinsic@1.3.0 want: ^1.1.1
123 silly placeDep ROOT function-bind@1.1.2 OK for: get-intrinsic@1.3.0 want: ^1.1.2
124 silly placeDep ROOT get-proto@1.0.1 OK for: get-intrinsic@1.3.0 want: ^1.0.1
125 silly placeDep ROOT gopd@1.2.0 OK for: get-intrinsic@1.3.0 want: ^1.2.0
126 silly placeDep ROOT has-symbols@1.1.0 OK for: get-intrinsic@1.3.0 want: ^1.1.0
127 silly placeDep ROOT math-intrinsics@1.1.0 OK for: get-intrinsic@1.3.0 want: ^1.1.0
128 silly fetch manifest dunder-proto@^1.0.1
129 silly packumentCache full:https://registry.npmjs.org/dunder-proto cache-miss
130 http fetch GET 200 https://registry.npmjs.org/dunder-proto 32ms (cache miss)
131 silly packumentCache full:https://registry.npmjs.org/dunder-proto set size:undefined disposed:false
132 silly placeDep ROOT dunder-proto@1.0.1 OK for: get-proto@1.0.1 want: ^1.0.1
133 silly placeDep ROOT mime-db@1.52.0 OK for: mime-types@2.1.35 want: 1.52.0
134 silly reify moves {}
135 silly audit bulk request {
135 silly audit   '@ant-design/colors': [ '8.0.1', '7.2.1' ],
135 silly audit   '@ant-design/cssinjs': [ '1.24.0' ],
135 silly audit   '@ant-design/cssinjs-utils': [ '1.1.3' ],
135 silly audit   '@ant-design/fast-color': [ '3.0.1', '2.0.6' ],
135 silly audit   '@ant-design/icons': [ '6.1.1', '5.6.1' ],
135 silly audit   '@ant-design/icons-svg': [ '4.4.2' ],
135 silly audit   '@ant-design/react-slick': [ '1.1.2' ],
135 silly audit   '@babel/code-frame': [ '7.29.0' ],
135 silly audit   '@babel/compat-data': [ '7.29.0' ],
135 silly audit   '@babel/core': [ '7.29.0' ],
135 silly audit   '@babel/generator': [ '7.29.1' ],
135 silly audit   '@babel/helper-compilation-targets': [ '7.28.6' ],
135 silly audit   '@babel/helper-globals': [ '7.28.0' ],
135 silly audit   '@babel/helper-module-imports': [ '7.28.6' ],
135 silly audit   '@babel/helper-module-transforms': [ '7.28.6' ],
135 silly audit   '@babel/helper-plugin-utils': [ '7.28.6' ],
135 silly audit   '@babel/helper-string-parser': [ '7.27.1' ],
135 silly audit   '@babel/helper-validator-identifier': [ '7.28.5' ],
135 silly audit   '@babel/helper-validator-option': [ '7.27.1' ],
135 silly audit   '@babel/helpers': [ '7.29.2' ],
135 silly audit   '@babel/parser': [ '7.29.2' ],
135 silly audit   '@babel/plugin-transform-react-jsx-self': [ '7.27.1' ],
135 silly audit   '@babel/plugin-transform-react-jsx-source': [ '7.27.1' ],
135 silly audit   '@babel/runtime': [ '7.29.2' ],
135 silly audit   '@babel/template': [ '7.28.6' ],
135 silly audit   '@babel/traverse': [ '7.29.0' ],
135 silly audit   '@babel/types': [ '7.29.0' ],
135 silly audit   '@emotion/hash': [ '0.8.0' ],
135 silly audit   '@emotion/unitless': [ '0.7.5' ],
135 silly audit   '@esbuild/aix-ppc64': [ '0.27.7' ],
135 silly audit   '@esbuild/android-arm': [ '0.27.7' ],
135 silly audit   '@esbuild/android-arm64': [ '0.27.7' ],
135 silly audit   '@esbuild/android-x64': [ '0.27.7' ],
135 silly audit   '@esbuild/darwin-arm64': [ '0.27.7' ],
135 silly audit   '@esbuild/darwin-x64': [ '0.27.7' ],
135 silly audit   '@esbuild/freebsd-arm64': [ '0.27.7' ],
135 silly audit   '@esbuild/freebsd-x64': [ '0.27.7' ],
135 silly audit   '@esbuild/linux-arm': [ '0.27.7' ],
135 silly audit   '@esbuild/linux-arm64': [ '0.27.7' ],
135 silly audit   '@esbuild/linux-ia32': [ '0.27.7' ],
135 silly audit   '@esbuild/linux-loong64': [ '0.27.7' ],
135 silly audit   '@esbuild/linux-mips64el': [ '0.27.7' ],
135 silly audit   '@esbuild/linux-ppc64': [ '0.27.7' ],
135 silly audit   '@esbuild/linux-riscv64': [ '0.27.7' ],
135 silly audit   '@esbuild/linux-s390x': [ '0.27.7' ],
135 silly audit   '@esbuild/linux-x64': [ '0.27.7' ],
135 silly audit   '@esbuild/netbsd-arm64': [ '0.27.7' ],
135 silly audit   '@esbuild/netbsd-x64': [ '0.27.7' ],
135 silly audit   '@esbuild/openbsd-arm64': [ '0.27.7' ],
135 silly audit   '@esbuild/openbsd-x64': [ '0.27.7' ],
135 silly audit   '@esbuild/openharmony-arm64': [ '0.27.7' ],
135 silly audit   '@esbuild/sunos-x64': [ '0.27.7' ],
135 silly audit   '@esbuild/win32-arm64': [ '0.27.7' ],
135 silly audit   '@esbuild/win32-ia32': [ '0.27.7' ],
135 silly audit   '@esbuild/win32-x64': [ '0.27.7' ],
135 silly audit   '@jridgewell/gen-mapping': [ '0.3.13' ],
135 silly audit   '@jridgewell/remapping': [ '2.3.5' ],
135 silly audit   '@jridgewell/resolve-uri': [ '3.1.2' ],
135 silly audit   '@jridgewell/sourcemap-codec': [ '1.5.5' ],
135 silly audit   '@jridgewell/trace-mapping': [ '0.3.31' ],
135 silly audit   '@rc-component/async-validator': [ '5.1.0' ],
135 silly audit   '@rc-component/color-picker': [ '2.0.1' ],
135 silly audit   '@rc-component/context': [ '1.4.0' ],
135 silly audit   '@rc-component/mini-decimal': [ '1.1.3' ],
135 silly audit   '@rc-component/mutate-observer': [ '1.1.0' ],
135 silly audit   '@rc-component/portal': [ '1.1.2' ],
135 silly audit   '@rc-component/qrcode': [ '1.1.1' ],
135 silly audit   '@rc-component/tour': [ '1.15.1' ],
135 silly audit   '@rc-component/trigger': [ '2.3.1' ],
135 silly audit   '@rc-component/util': [ '1.10.1' ],
135 silly audit   '@remix-run/router': [ '1.23.2' ],
135 silly audit   '@rolldown/pluginutils': [ '1.0.0-rc.3' ],
135 silly audit   '@rollup/rollup-android-arm-eabi': [ '4.60.1' ],
135 silly audit   '@rollup/rollup-android-arm64': [ '4.60.1' ],
135 silly audit   '@rollup/rollup-darwin-arm64': [ '4.60.1' ],
135 silly audit   '@rollup/rollup-darwin-x64': [ '4.60.1' ],
135 silly audit   '@rollup/rollup-freebsd-arm64': [ '4.60.1' ],
135 silly audit   '@rollup/rollup-freebsd-x64': [ '4.60.1' ],
135 silly audit   '@rollup/rollup-linux-arm-gnueabihf': [ '4.60.1' ],
135 silly audit   '@rollup/rollup-linux-arm-musleabihf': [ '4.60.1' ],
135 silly audit   '@rollup/rollup-linux-arm64-gnu': [ '4.60.1' ],
135 silly audit   '@rollup/rollup-linux-arm64-musl': [ '4.60.1' ],
135 silly audit   '@rollup/rollup-linux-loong64-gnu': [ '4.60.1' ],
135 silly audit   '@rollup/rollup-linux-loong64-musl': [ '4.60.1' ],
135 silly audit   '@rollup/rollup-linux-ppc64-gnu': [ '4.60.1' ],
135 silly audit   '@rollup/rollup-linux-ppc64-musl': [ '4.60.1' ],
135 silly audit   '@rollup/rollup-linux-riscv64-gnu': [ '4.60.1' ],
135 silly audit   '@rollup/rollup-linux-riscv64-musl': [ '4.60.1' ],
135 silly audit   '@rollup/rollup-linux-s390x-gnu': [ '4.60.1' ],
135 silly audit   '@rollup/rollup-linux-x64-gnu': [ '4.60.1' ],
135 silly audit   '@rollup/rollup-linux-x64-musl': [ '4.60.1' ],
135 silly audit   '@rollup/rollup-openbsd-x64': [ '4.60.1' ],
135 silly audit   '@rollup/rollup-openharmony-arm64': [ '4.60.1' ],
135 silly audit   '@rollup/rollup-win32-arm64-msvc': [ '4.60.1' ],
135 silly audit   '@rollup/rollup-win32-ia32-msvc': [ '4.60.1' ],
135 silly audit   '@rollup/rollup-win32-x64-gnu': [ '4.60.1' ],
135 silly audit   '@rollup/rollup-win32-x64-msvc': [ '4.60.1' ],
135 silly audit   '@types/babel__core': [ '7.20.5' ],
135 silly audit   '@types/babel__generator': [ '7.27.0' ],
135 silly audit   '@types/babel__template': [ '7.4.4' ],
135 silly audit   '@types/babel__traverse': [ '7.28.0' ],
135 silly audit   '@types/estree': [ '1.0.8' ],
135 silly audit   '@types/react': [ '19.2.14' ],
135 silly audit   '@types/react-dom': [ '19.2.3' ],
135 silly audit   '@vitejs/plugin-react': [ '5.2.0' ],
135 silly audit   antd: [ '5.29.3' ],
135 silly audit   'baseline-browser-mapping': [ '2.10.19' ],
135 silly audit   browserslist: [ '4.28.2' ],
135 silly audit   'caniuse-lite': [ '1.0.30001788' ],
135 silly audit   classnames: [ '2.5.1' ],
135 silly audit   clsx: [ '2.1.1' ],
135 silly audit   'compute-scroll-into-view': [ '3.1.1' ],
135 silly audit   'convert-source-map': [ '2.0.0' ],
135 silly audit   'copy-to-clipboard': [ '3.3.3' ],
135 silly audit   csstype: [ '3.2.3' ],
135 silly audit   dayjs: [ '1.11.20' ],
135 silly audit   debug: [ '4.4.3' ],
135 silly audit   'electron-to-chromium': [ '1.5.339' ],
135 silly audit   esbuild: [ '0.27.7' ],
135 silly audit   escalade: [ '3.2.0' ],
135 silly audit   fdir: [ '6.5.0' ],
135 silly audit   fsevents: [ '2.3.3' ],
135 silly audit   gensync: [ '1.0.0-beta.2' ],
135 silly audit   'is-mobile': [ '5.0.0' ],
135 silly audit   'js-tokens': [ '4.0.0' ],
135 silly audit   jsesc: [ '3.1.0' ],
135 silly audit   json2mq: [ '0.2.0' ],
135 silly audit   json5: [ '2.2.3' ],
135 silly audit   'loose-envify': [ '1.4.0' ],
135 silly audit   'lru-cache': [ '5.1.1' ],
135 silly audit   ms: [ '2.1.3' ],
135 silly audit   nanoid: [ '3.3.11' ],
135 silly audit   'node-releases': [ '2.0.37' ],
135 silly audit   picocolors: [ '1.1.1' ],
135 silly audit   picomatch: [ '4.0.4' ],
135 silly audit   postcss: [ '8.5.10' ],
135 silly audit   'rc-cascader': [ '3.34.0' ],
135 silly audit   'rc-checkbox': [ '3.5.0' ],
135 silly audit   'rc-collapse': [ '3.9.0' ],
135 silly audit   'rc-dialog': [ '9.6.0' ],
135 silly audit   'rc-drawer': [ '7.3.0' ],
135 silly audit   'rc-dropdown': [ '4.2.1' ],
135 silly audit   'rc-field-form': [ '2.7.1' ],
135 silly audit   'rc-image': [ '7.12.0' ],
135 silly audit   'rc-input': [ '1.8.0' ],
135 silly audit   'rc-input-number': [ '9.5.0' ],
135 silly audit   'rc-mentions': [ '2.20.0' ],
135 silly audit   'rc-menu': [ '9.16.1' ],
135 silly audit   'rc-motion': [ '2.9.5' ],
135 silly audit   'rc-notification': [ '5.6.4' ],
135 silly audit   'rc-overflow': [ '1.5.0' ],
135 silly audit   'rc-pagination': [ '5.1.0' ],
135 silly audit   'rc-picker': [ '4.11.3' ],
135 silly audit   'rc-progress': [ '4.0.0' ],
135 silly audit   'rc-rate': [ '2.13.1' ],
135 silly audit   'rc-resize-observer': [ '1.4.3' ],
135 silly audit   'rc-segmented': [ '2.7.1' ],
135 silly audit   'rc-select': [ '14.16.8' ],
135 silly audit   'rc-slider': [ '11.1.9' ],
135 silly audit   'rc-steps': [ '6.0.1' ],
135 silly audit   'rc-switch': [ '4.1.0' ],
135 silly audit   'rc-table': [ '7.54.0' ],
135 silly audit   'rc-tabs': [ '15.7.0' ],
135 silly audit   'rc-textarea': [ '1.10.2' ],
135 silly audit   'rc-tooltip': [ '6.4.0' ],
135 silly audit   'rc-tree': [ '5.13.1' ],
135 silly audit   'rc-tree-select': [ '5.27.0' ],
135 silly audit   'rc-upload': [ '4.11.0' ],
135 silly audit   'rc-util': [ '5.44.4' ],
135 silly audit   'rc-virtual-list': [ '3.19.2' ],
135 silly audit   react: [ '18.3.1' ],
135 silly audit   'react-dom': [ '18.3.1' ],
135 silly audit   'react-is': [ '18.3.1' ],
135 silly audit   'react-refresh': [ '0.18.0' ],
135 silly audit   'react-router': [ '6.30.3' ],
135 silly audit   'react-router-dom': [ '6.30.3' ],
135 silly audit   'resize-observer-polyfill': [ '1.5.1' ],
135 silly audit   rollup: [ '4.60.1' ],
135 silly audit   scheduler: [ '0.23.2' ],
135 silly audit   'scroll-into-view-if-needed': [ '3.1.0' ],
135 silly audit   semver: [ '6.3.1' ],
135 silly audit   'source-map-js': [ '1.2.1' ],
135 silly audit   'string-convert': [ '0.2.1' ],
135 silly audit   stylis: [ '4.3.6' ],
135 silly audit   'throttle-debounce': [ '5.0.2' ],
135 silly audit   tinyglobby: [ '0.2.16' ],
135 silly audit   'toggle-selection': [ '1.0.6' ],
135 silly audit   typescript: [ '5.9.3' ],
135 silly audit   'update-browserslist-db': [ '1.2.3' ],
135 silly audit   vite: [ '7.3.2' ],
135 silly audit   yallist: [ '3.1.1' ],
135 silly audit   axios: [ '1.15.0' ],
135 silly audit   'follow-redirects': [ '1.16.0' ],
135 silly audit   'form-data': [ '4.0.5' ],
135 silly audit   'proxy-from-env': [ '2.1.0' ],
135 silly audit   asynckit: [ '0.4.0' ],
135 silly audit   'combined-stream': [ '1.0.8' ],
135 silly audit   'es-set-tostringtag': [ '2.1.0' ],
135 silly audit   hasown: [ '2.0.2' ],
135 silly audit   'mime-types': [ '2.1.35' ],
135 silly audit   'delayed-stream': [ '1.0.0' ],
135 silly audit   'es-errors': [ '1.3.0' ],
135 silly audit   'get-intrinsic': [ '1.3.0' ],
135 silly audit   'has-tostringtag': [ '1.0.2' ],
135 silly audit   'call-bind-apply-helpers': [ '1.0.2' ],
135 silly audit   'es-define-property': [ '1.0.1' ],
135 silly audit   'es-object-atoms': [ '1.1.1' ],
135 silly audit   'function-bind': [ '1.1.2' ],
135 silly audit   'get-proto': [ '1.0.1' ],
135 silly audit   gopd: [ '1.2.0' ],
135 silly audit   'has-symbols': [ '1.1.0' ],
135 silly audit   'math-intrinsics': [ '1.1.0' ],
135 silly audit   'dunder-proto': [ '1.0.1' ],
135 silly audit   'mime-db': [ '1.52.0' ]
135 silly audit }
136 verbose reify failed optional dependency /Users/itst/Downloads/Lab04 3/client/node_modules/@rollup/rollup-win32-x64-msvc
137 silly reify mark deleted [
137 silly reify   '/Users/itst/Downloads/Lab04 3/client/node_modules/@rollup/rollup-win32-x64-msvc'
137 silly reify ]
138 verbose reify failed optional dependency /Users/itst/Downloads/Lab04 3/client/node_modules/@rollup/rollup-win32-x64-gnu
139 silly reify mark deleted [
139 silly reify   '/Users/itst/Downloads/Lab04 3/client/node_modules/@rollup/rollup-win32-x64-gnu'
139 silly reify ]
140 verbose reify failed optional dependency /Users/itst/Downloads/Lab04 3/client/node_modules/@rollup/rollup-win32-ia32-msvc
141 silly reify mark deleted [
141 silly reify   '/Users/itst/Downloads/Lab04 3/client/node_modules/@rollup/rollup-win32-ia32-msvc'
141 silly reify ]
142 verbose reify failed optional dependency /Users/itst/Downloads/Lab04 3/client/node_modules/@rollup/rollup-win32-arm64-msvc
143 silly reify mark deleted [
143 silly reify   '/Users/itst/Downloads/Lab04 3/client/node_modules/@rollup/rollup-win32-arm64-msvc'
143 silly reify ]
144 verbose reify failed optional dependency /Users/itst/Downloads/Lab04 3/client/node_modules/@rollup/rollup-openharmony-arm64
145 silly reify mark deleted [
145 silly reify   '/Users/itst/Downloads/Lab04 3/client/node_modules/@rollup/rollup-openharmony-arm64'
145 silly reify ]
146 verbose reify failed optional dependency /Users/itst/Downloads/Lab04 3/client/node_modules/@rollup/rollup-openbsd-x64
147 silly reify mark deleted [
147 silly reify   '/Users/itst/Downloads/Lab04 3/client/node_modules/@rollup/rollup-openbsd-x64'
147 silly reify ]
148 verbose reify failed optional dependency /Users/itst/Downloads/Lab04 3/client/node_modules/@rollup/rollup-linux-x64-musl
149 silly reify mark deleted [
149 silly reify   '/Users/itst/Downloads/Lab04 3/client/node_modules/@rollup/rollup-linux-x64-musl'
149 silly reify ]
150 verbose reify failed optional dependency /Users/itst/Downloads/Lab04 3/client/node_modules/@rollup/rollup-linux-x64-gnu
151 silly reify mark deleted [
151 silly reify   '/Users/itst/Downloads/Lab04 3/client/node_modules/@rollup/rollup-linux-x64-gnu'
151 silly reify ]
152 verbose reify failed optional dependency /Users/itst/Downloads/Lab04 3/client/node_modules/@rollup/rollup-linux-s390x-gnu
153 silly reify mark deleted [
153 silly reify   '/Users/itst/Downloads/Lab04 3/client/node_modules/@rollup/rollup-linux-s390x-gnu'
153 silly reify ]
154 verbose reify failed optional dependency /Users/itst/Downloads/Lab04 3/client/node_modules/@rollup/rollup-linux-riscv64-musl
155 silly reify mark deleted [
155 silly reify   '/Users/itst/Downloads/Lab04 3/client/node_modules/@rollup/rollup-linux-riscv64-musl'
155 silly reify ]
156 verbose reify failed optional dependency /Users/itst/Downloads/Lab04 3/client/node_modules/@rollup/rollup-linux-riscv64-gnu
157 silly reify mark deleted [
157 silly reify   '/Users/itst/Downloads/Lab04 3/client/node_modules/@rollup/rollup-linux-riscv64-gnu'
157 silly reify ]
158 verbose reify failed optional dependency /Users/itst/Downloads/Lab04 3/client/node_modules/@rollup/rollup-linux-ppc64-musl
159 silly reify mark deleted [
159 silly reify   '/Users/itst/Downloads/Lab04 3/client/node_modules/@rollup/rollup-linux-ppc64-musl'
159 silly reify ]
160 verbose reify failed optional dependency /Users/itst/Downloads/Lab04 3/client/node_modules/@rollup/rollup-linux-ppc64-gnu
161 silly reify mark deleted [
161 silly reify   '/Users/itst/Downloads/Lab04 3/client/node_modules/@rollup/rollup-linux-ppc64-gnu'
161 silly reify ]
162 verbose reify failed optional dependency /Users/itst/Downloads/Lab04 3/client/node_modules/@rollup/rollup-linux-loong64-musl
163 silly reify mark deleted [
163 silly reify   '/Users/itst/Downloads/Lab04 3/client/node_modules/@rollup/rollup-linux-loong64-musl'
163 silly reify ]
164 verbose reify failed optional dependency /Users/itst/Downloads/Lab04 3/client/node_modules/@rollup/rollup-linux-loong64-gnu
165 silly reify mark deleted [
165 silly reify   '/Users/itst/Downloads/Lab04 3/client/node_modules/@rollup/rollup-linux-loong64-gnu'
165 silly reify ]
166 verbose reify failed optional dependency /Users/itst/Downloads/Lab04 3/client/node_modules/@rollup/rollup-linux-arm64-musl
167 silly reify mark deleted [
167 silly reify   '/Users/itst/Downloads/Lab04 3/client/node_modules/@rollup/rollup-linux-arm64-musl'
167 silly reify ]
168 verbose reify failed optional dependency /Users/itst/Downloads/Lab04 3/client/node_modules/@rollup/rollup-linux-arm64-gnu
169 silly reify mark deleted [
169 silly reify   '/Users/itst/Downloads/Lab04 3/client/node_modules/@rollup/rollup-linux-arm64-gnu'
169 silly reify ]
170 verbose reify failed optional dependency /Users/itst/Downloads/Lab04 3/client/node_modules/@rollup/rollup-linux-arm-musleabihf
171 silly reify mark deleted [
171 silly reify   '/Users/itst/Downloads/Lab04 3/client/node_modules/@rollup/rollup-linux-arm-musleabihf'
171 silly reify ]
172 verbose reify failed optional dependency /Users/itst/Downloads/Lab04 3/client/node_modules/@rollup/rollup-linux-arm-gnueabihf
173 silly reify mark deleted [
173 silly reify   '/Users/itst/Downloads/Lab04 3/client/node_modules/@rollup/rollup-linux-arm-gnueabihf'
173 silly reify ]
174 verbose reify failed optional dependency /Users/itst/Downloads/Lab04 3/client/node_modules/@rollup/rollup-freebsd-x64
175 silly reify mark deleted [
175 silly reify   '/Users/itst/Downloads/Lab04 3/client/node_modules/@rollup/rollup-freebsd-x64'
175 silly reify ]
176 verbose reify failed optional dependency /Users/itst/Downloads/Lab04 3/client/node_modules/@rollup/rollup-freebsd-arm64
177 silly reify mark deleted [
177 silly reify   '/Users/itst/Downloads/Lab04 3/client/node_modules/@rollup/rollup-freebsd-arm64'
177 silly reify ]
178 verbose reify failed optional dependency /Users/itst/Downloads/Lab04 3/client/node_modules/@rollup/rollup-darwin-x64
179 silly reify mark deleted [
179 silly reify   '/Users/itst/Downloads/Lab04 3/client/node_modules/@rollup/rollup-darwin-x64'
179 silly reify ]
180 verbose reify failed optional dependency /Users/itst/Downloads/Lab04 3/client/node_modules/@rollup/rollup-android-arm64
181 silly reify mark deleted [
181 silly reify   '/Users/itst/Downloads/Lab04 3/client/node_modules/@rollup/rollup-android-arm64'
181 silly reify ]
182 verbose reify failed optional dependency /Users/itst/Downloads/Lab04 3/client/node_modules/@rollup/rollup-android-arm-eabi
183 silly reify mark deleted [
183 silly reify   '/Users/itst/Downloads/Lab04 3/client/node_modules/@rollup/rollup-android-arm-eabi'
183 silly reify ]
184 verbose reify failed optional dependency /Users/itst/Downloads/Lab04 3/client/node_modules/@esbuild/win32-x64
185 silly reify mark deleted [
185 silly reify   '/Users/itst/Downloads/Lab04 3/client/node_modules/@esbuild/win32-x64'
185 silly reify ]
186 verbose reify failed optional dependency /Users/itst/Downloads/Lab04 3/client/node_modules/@esbuild/win32-ia32
187 silly reify mark deleted [
187 silly reify   '/Users/itst/Downloads/Lab04 3/client/node_modules/@esbuild/win32-ia32'
187 silly reify ]
188 verbose reify failed optional dependency /Users/itst/Downloads/Lab04 3/client/node_modules/@esbuild/win32-arm64
189 silly reify mark deleted [
189 silly reify   '/Users/itst/Downloads/Lab04 3/client/node_modules/@esbuild/win32-arm64'
189 silly reify ]
190 verbose reify failed optional dependency /Users/itst/Downloads/Lab04 3/client/node_modules/@esbuild/sunos-x64
191 silly reify mark deleted [
191 silly reify   '/Users/itst/Downloads/Lab04 3/client/node_modules/@esbuild/sunos-x64'
191 silly reify ]
192 verbose reify failed optional dependency /Users/itst/Downloads/Lab04 3/client/node_modules/@esbuild/openharmony-arm64
193 silly reify mark deleted [
193 silly reify   '/Users/itst/Downloads/Lab04 3/client/node_modules/@esbuild/openharmony-arm64'
193 silly reify ]
194 verbose reify failed optional dependency /Users/itst/Downloads/Lab04 3/client/node_modules/@esbuild/openbsd-x64
195 silly reify mark deleted [
195 silly reify   '/Users/itst/Downloads/Lab04 3/client/node_modules/@esbuild/openbsd-x64'
195 silly reify ]
196 verbose reify failed optional dependency /Users/itst/Downloads/Lab04 3/client/node_modules/@esbuild/openbsd-arm64
197 silly reify mark deleted [
197 silly reify   '/Users/itst/Downloads/Lab04 3/client/node_modules/@esbuild/openbsd-arm64'
197 silly reify ]
198 verbose reify failed optional dependency /Users/itst/Downloads/Lab04 3/client/node_modules/@esbuild/netbsd-x64
199 silly reify mark deleted [
199 silly reify   '/Users/itst/Downloads/Lab04 3/client/node_modules/@esbuild/netbsd-x64'
199 silly reify ]
200 verbose reify failed optional dependency /Users/itst/Downloads/Lab04 3/client/node_modules/@esbuild/netbsd-arm64
201 silly reify mark deleted [
201 silly reify   '/Users/itst/Downloads/Lab04 3/client/node_modules/@esbuild/netbsd-arm64'
201 silly reify ]
202 verbose reify failed optional dependency /Users/itst/Downloads/Lab04 3/client/node_modules/@esbuild/linux-x64
203 silly reify mark deleted [
203 silly reify   '/Users/itst/Downloads/Lab04 3/client/node_modules/@esbuild/linux-x64'
203 silly reify ]
204 verbose reify failed optional dependency /Users/itst/Downloads/Lab04 3/client/node_modules/@esbuild/linux-s390x
205 silly reify mark deleted [
205 silly reify   '/Users/itst/Downloads/Lab04 3/client/node_modules/@esbuild/linux-s390x'
205 silly reify ]
206 verbose reify failed optional dependency /Users/itst/Downloads/Lab04 3/client/node_modules/@esbuild/linux-riscv64
207 silly reify mark deleted [
207 silly reify   '/Users/itst/Downloads/Lab04 3/client/node_modules/@esbuild/linux-riscv64'
207 silly reify ]
208 verbose reify failed optional dependency /Users/itst/Downloads/Lab04 3/client/node_modules/@esbuild/linux-ppc64
209 silly reify mark deleted [
209 silly reify   '/Users/itst/Downloads/Lab04 3/client/node_modules/@esbuild/linux-ppc64'
209 silly reify ]
210 verbose reify failed optional dependency /Users/itst/Downloads/Lab04 3/client/node_modules/@esbuild/linux-mips64el
211 silly reify mark deleted [
211 silly reify   '/Users/itst/Downloads/Lab04 3/client/node_modules/@esbuild/linux-mips64el'
211 silly reify ]
212 verbose reify failed optional dependency /Users/itst/Downloads/Lab04 3/client/node_modules/@esbuild/linux-loong64
213 silly reify mark deleted [
213 silly reify   '/Users/itst/Downloads/Lab04 3/client/node_modules/@esbuild/linux-loong64'
213 silly reify ]
214 verbose reify failed optional dependency /Users/itst/Downloads/Lab04 3/client/node_modules/@esbuild/linux-ia32
215 silly reify mark deleted [
215 silly reify   '/Users/itst/Downloads/Lab04 3/client/node_modules/@esbuild/linux-ia32'
215 silly reify ]
216 verbose reify failed optional dependency /Users/itst/Downloads/Lab04 3/client/node_modules/@esbuild/linux-arm64
217 silly reify mark deleted [
217 silly reify   '/Users/itst/Downloads/Lab04 3/client/node_modules/@esbuild/linux-arm64'
217 silly reify ]
218 verbose reify failed optional dependency /Users/itst/Downloads/Lab04 3/client/node_modules/@esbuild/linux-arm
219 silly reify mark deleted [
219 silly reify   '/Users/itst/Downloads/Lab04 3/client/node_modules/@esbuild/linux-arm'
219 silly reify ]
220 verbose reify failed optional dependency /Users/itst/Downloads/Lab04 3/client/node_modules/@esbuild/freebsd-x64
221 silly reify mark deleted [
221 silly reify   '/Users/itst/Downloads/Lab04 3/client/node_modules/@esbuild/freebsd-x64'
221 silly reify ]
222 verbose reify failed optional dependency /Users/itst/Downloads/Lab04 3/client/node_modules/@esbuild/freebsd-arm64
223 silly reify mark deleted [
223 silly reify   '/Users/itst/Downloads/Lab04 3/client/node_modules/@esbuild/freebsd-arm64'
223 silly reify ]
224 verbose reify failed optional dependency /Users/itst/Downloads/Lab04 3/client/node_modules/@esbuild/darwin-x64
225 silly reify mark deleted [
225 silly reify   '/Users/itst/Downloads/Lab04 3/client/node_modules/@esbuild/darwin-x64'
225 silly reify ]
226 verbose reify failed optional dependency /Users/itst/Downloads/Lab04 3/client/node_modules/@esbuild/android-x64
227 silly reify mark deleted [
227 silly reify   '/Users/itst/Downloads/Lab04 3/client/node_modules/@esbuild/android-x64'
227 silly reify ]
228 verbose reify failed optional dependency /Users/itst/Downloads/Lab04 3/client/node_modules/@esbuild/android-arm64
229 silly reify mark deleted [
229 silly reify   '/Users/itst/Downloads/Lab04 3/client/node_modules/@esbuild/android-arm64'
229 silly reify ]
230 verbose reify failed optional dependency /Users/itst/Downloads/Lab04 3/client/node_modules/@esbuild/android-arm
231 silly reify mark deleted [
231 silly reify   '/Users/itst/Downloads/Lab04 3/client/node_modules/@esbuild/android-arm'
231 silly reify ]
232 verbose reify failed optional dependency /Users/itst/Downloads/Lab04 3/client/node_modules/@esbuild/aix-ppc64
233 silly reify mark deleted [
233 silly reify   '/Users/itst/Downloads/Lab04 3/client/node_modules/@esbuild/aix-ppc64'
233 silly reify ]
234 http cache mime-db@https://registry.npmjs.org/mime-db/-/mime-db-1.52.0.tgz 0ms (cache hit)
235 http cache dunder-proto@https://registry.npmjs.org/dunder-proto/-/dunder-proto-1.0.1.tgz 0ms (cache hit)
236 http cache math-intrinsics@https://registry.npmjs.org/math-intrinsics/-/math-intrinsics-1.1.0.tgz 0ms (cache hit)
237 http cache has-symbols@https://registry.npmjs.org/has-symbols/-/has-symbols-1.1.0.tgz 0ms (cache hit)
238 http cache gopd@https://registry.npmjs.org/gopd/-/gopd-1.2.0.tgz 0ms (cache hit)
239 http cache get-proto@https://registry.npmjs.org/get-proto/-/get-proto-1.0.1.tgz 0ms (cache hit)
240 http cache function-bind@https://registry.npmjs.org/function-bind/-/function-bind-1.1.2.tgz 0ms (cache hit)
241 http cache es-object-atoms@https://registry.npmjs.org/es-object-atoms/-/es-object-atoms-1.1.1.tgz 0ms (cache hit)
242 http cache es-define-property@https://registry.npmjs.org/es-define-property/-/es-define-property-1.0.1.tgz 0ms (cache hit)
243 http cache call-bind-apply-helpers@https://registry.npmjs.org/call-bind-apply-helpers/-/call-bind-apply-helpers-1.0.2.tgz 0ms (cache hit)
244 http cache has-tostringtag@https://registry.npmjs.org/has-tostringtag/-/has-tostringtag-1.0.2.tgz 0ms (cache hit)
245 http cache get-intrinsic@https://registry.npmjs.org/get-intrinsic/-/get-intrinsic-1.3.0.tgz 0ms (cache hit)
246 http cache es-errors@https://registry.npmjs.org/es-errors/-/es-errors-1.3.0.tgz 0ms (cache hit)
247 http cache delayed-stream@https://registry.npmjs.org/delayed-stream/-/delayed-stream-1.0.0.tgz 0ms (cache hit)
248 http cache mime-types@https://registry.npmjs.org/mime-types/-/mime-types-2.1.35.tgz 0ms (cache hit)
249 http cache hasown@https://registry.npmjs.org/hasown/-/hasown-2.0.2.tgz 0ms (cache hit)
250 http cache es-set-tostringtag@https://registry.npmjs.org/es-set-tostringtag/-/es-set-tostringtag-2.1.0.tgz 0ms (cache hit)
251 http cache combined-stream@https://registry.npmjs.org/combined-stream/-/combined-stream-1.0.8.tgz 0ms (cache hit)
252 http cache asynckit@https://registry.npmjs.org/asynckit/-/asynckit-0.4.0.tgz 0ms (cache hit)
253 http cache proxy-from-env@https://registry.npmjs.org/proxy-from-env/-/proxy-from-env-2.1.0.tgz 0ms (cache hit)
254 http cache form-data@https://registry.npmjs.org/form-data/-/form-data-4.0.5.tgz 0ms (cache hit)
255 http cache follow-redirects@https://registry.npmjs.org/follow-redirects/-/follow-redirects-1.16.0.tgz 0ms (cache hit)
256 http cache axios@https://registry.npmjs.org/axios/-/axios-1.15.0.tgz 0ms (cache hit)
257 http cache fsevents@https://registry.npmjs.org/fsevents/-/fsevents-2.3.3.tgz 0ms (cache hit)
258 silly tarball no local data for dunder-proto@https://registry.npmjs.org/dunder-proto/-/dunder-proto-1.0.1.tgz. Extracting by manifest.
259 silly tarball no local data for math-intrinsics@https://registry.npmjs.org/math-intrinsics/-/math-intrinsics-1.1.0.tgz. Extracting by manifest.
260 silly tarball no local data for mime-db@https://registry.npmjs.org/mime-db/-/mime-db-1.52.0.tgz. Extracting by manifest.
261 silly tarball no local data for has-symbols@https://registry.npmjs.org/has-symbols/-/has-symbols-1.1.0.tgz. Extracting by manifest.
262 silly tarball no local data for gopd@https://registry.npmjs.org/gopd/-/gopd-1.2.0.tgz. Extracting by manifest.
263 silly tarball no local data for function-bind@https://registry.npmjs.org/function-bind/-/function-bind-1.1.2.tgz. Extracting by manifest.
264 silly tarball no local data for get-proto@https://registry.npmjs.org/get-proto/-/get-proto-1.0.1.tgz. Extracting by manifest.
265 silly tarball no local data for es-object-atoms@https://registry.npmjs.org/es-object-atoms/-/es-object-atoms-1.1.1.tgz. Extracting by manifest.
266 silly tarball no local data for es-define-property@https://registry.npmjs.org/es-define-property/-/es-define-property-1.0.1.tgz. Extracting by manifest.
267 silly tarball no local data for has-tostringtag@https://registry.npmjs.org/has-tostringtag/-/has-tostringtag-1.0.2.tgz. Extracting by manifest.
268 silly tarball no local data for es-errors@https://registry.npmjs.org/es-errors/-/es-errors-1.3.0.tgz. Extracting by manifest.
269 silly tarball no local data for call-bind-apply-helpers@https://registry.npmjs.org/call-bind-apply-helpers/-/call-bind-apply-helpers-1.0.2.tgz. Extracting by manifest.
270 silly tarball no local data for get-intrinsic@https://registry.npmjs.org/get-intrinsic/-/get-intrinsic-1.3.0.tgz. Extracting by manifest.
271 silly tarball no local data for delayed-stream@https://registry.npmjs.org/delayed-stream/-/delayed-stream-1.0.0.tgz. Extracting by manifest.
272 silly tarball no local data for mime-types@https://registry.npmjs.org/mime-types/-/mime-types-2.1.35.tgz. Extracting by manifest.
273 silly tarball no local data for combined-stream@https://registry.npmjs.org/combined-stream/-/combined-stream-1.0.8.tgz. Extracting by manifest.
274 silly tarball no local data for hasown@https://registry.npmjs.org/hasown/-/hasown-2.0.2.tgz. Extracting by manifest.
275 silly tarball no local data for es-set-tostringtag@https://registry.npmjs.org/es-set-tostringtag/-/es-set-tostringtag-2.1.0.tgz. Extracting by manifest.
276 silly tarball no local data for proxy-from-env@https://registry.npmjs.org/proxy-from-env/-/proxy-from-env-2.1.0.tgz. Extracting by manifest.
277 silly tarball no local data for form-data@https://registry.npmjs.org/form-data/-/form-data-4.0.5.tgz. Extracting by manifest.
278 silly tarball no local data for axios@https://registry.npmjs.org/axios/-/axios-1.15.0.tgz. Extracting by manifest.
279 silly tarball no local data for asynckit@https://registry.npmjs.org/asynckit/-/asynckit-0.4.0.tgz. Extracting by manifest.
280 silly tarball no local data for follow-redirects@https://registry.npmjs.org/follow-redirects/-/follow-redirects-1.16.0.tgz. Extracting by manifest.
281 http fetch GET 200 https://registry.npmjs.org/dunder-proto/-/dunder-proto-1.0.1.tgz 48ms (cache miss)
282 http fetch GET 200 https://registry.npmjs.org/function-bind/-/function-bind-1.1.2.tgz 47ms (cache miss)
283 http fetch GET 200 https://registry.npmjs.org/has-symbols/-/has-symbols-1.1.0.tgz 48ms (cache miss)
284 http fetch GET 200 https://registry.npmjs.org/gopd/-/gopd-1.2.0.tgz 48ms (cache miss)
285 http fetch GET 200 https://registry.npmjs.org/math-intrinsics/-/math-intrinsics-1.1.0.tgz 53ms (cache miss)
286 http fetch GET 200 https://registry.npmjs.org/mime-db/-/mime-db-1.52.0.tgz 54ms (cache miss)
287 http fetch GET 200 https://registry.npmjs.org/combined-stream/-/combined-stream-1.0.8.tgz 59ms (cache miss)
288 http fetch GET 200 https://registry.npmjs.org/mime-types/-/mime-types-2.1.35.tgz 65ms (cache miss)
289 http fetch GET 200 https://registry.npmjs.org/es-set-tostringtag/-/es-set-tostringtag-2.1.0.tgz 65ms (cache miss)
290 http fetch GET 200 https://registry.npmjs.org/get-proto/-/get-proto-1.0.1.tgz 67ms (cache miss)
291 http fetch GET 200 https://registry.npmjs.org/es-object-atoms/-/es-object-atoms-1.1.1.tgz 73ms (cache miss)
292 http fetch GET 200 https://registry.npmjs.org/has-tostringtag/-/has-tostringtag-1.0.2.tgz 79ms (cache miss)
293 http fetch GET 200 https://registry.npmjs.org/es-errors/-/es-errors-1.3.0.tgz 81ms (cache miss)
294 http fetch GET 200 https://registry.npmjs.org/hasown/-/hasown-2.0.2.tgz 82ms (cache miss)
295 http fetch GET 200 https://registry.npmjs.org/delayed-stream/-/delayed-stream-1.0.0.tgz 84ms (cache miss)
296 http fetch GET 200 https://registry.npmjs.org/call-bind-apply-helpers/-/call-bind-apply-helpers-1.0.2.tgz 85ms (cache miss)
297 http fetch GET 200 https://registry.npmjs.org/proxy-from-env/-/proxy-from-env-2.1.0.tgz 87ms (cache miss)
298 http fetch GET 200 https://registry.npmjs.org/get-intrinsic/-/get-intrinsic-1.3.0.tgz 87ms (cache miss)
299 http fetch GET 200 https://registry.npmjs.org/form-data/-/form-data-4.0.5.tgz 87ms (cache miss)
300 http fetch GET 200 https://registry.npmjs.org/follow-redirects/-/follow-redirects-1.16.0.tgz 88ms (cache miss)
301 http fetch GET 200 https://registry.npmjs.org/es-define-property/-/es-define-property-1.0.1.tgz 92ms (cache miss)
302 http fetch GET 200 https://registry.npmjs.org/asynckit/-/asynckit-0.4.0.tgz 90ms (cache miss)
303 http fetch GET 200 https://registry.npmjs.org/axios/-/axios-1.15.0.tgz 113ms (cache miss)
304 http fetch POST 200 https://registry.npmjs.org/-/npm/v1/security/advisories/bulk 186ms
305 silly audit report {}
306 silly ADD node_modules/mime-db
307 silly ADD node_modules/dunder-proto
308 silly ADD node_modules/math-intrinsics
309 silly ADD node_modules/has-symbols
310 silly ADD node_modules/gopd
311 silly ADD node_modules/get-proto
312 silly ADD node_modules/function-bind
313 silly ADD node_modules/es-object-atoms
314 silly ADD node_modules/es-define-property
315 silly ADD node_modules/call-bind-apply-helpers
316 silly ADD node_modules/has-tostringtag
317 silly ADD node_modules/get-intrinsic
318 silly ADD node_modules/es-errors
319 silly ADD node_modules/delayed-stream
320 silly ADD node_modules/mime-types
321 silly ADD node_modules/hasown
322 silly ADD node_modules/es-set-tostringtag
323 silly ADD node_modules/combined-stream
324 silly ADD node_modules/asynckit
325 silly ADD node_modules/proxy-from-env
326 silly ADD node_modules/form-data
327 silly ADD node_modules/follow-redirects
328 silly ADD node_modules/axios
329 silly ADD node_modules/fsevents
330 silly ADD
331 silly ADD
332 silly ADD
333 silly ADD
334 silly ADD
335 silly ADD
336 silly ADD
337 silly ADD
338 silly ADD
339 silly ADD
340 silly ADD
341 silly ADD
342 silly ADD
343 silly ADD
344 silly ADD
345 silly ADD
346 silly ADD
347 silly ADD
348 silly ADD
349 silly ADD
350 silly ADD
351 silly ADD
352 silly ADD
353 silly ADD
354 silly ADD
355 silly ADD
356 silly ADD
357 silly ADD
358 silly ADD
359 silly ADD
360 silly ADD
361 silly ADD
362 silly ADD
363 silly ADD
364 silly ADD
365 silly ADD
366 silly ADD
367 silly ADD
368 silly ADD
369 silly ADD
370 silly ADD
371 silly ADD
372 silly ADD
373 silly ADD
374 silly ADD
375 silly ADD
376 silly ADD
377 silly ADD
378 silly ADD
379 verbose cwd /Users/itst/Downloads/Lab04 3/client
380 verbose os Darwin 25.3.0
381 verbose node v22.14.0
382 verbose npm  v10.9.2
383 verbose exit 0
384 info ok
